0 info it worked if it ends with ok
1 verbose cli [ 'D:\\softwares\\nodejs\\node.exe',
1 verbose cli   'D:\\softwares\\nodejs\\node_modules\\npm\\bin\\npm-cli.js',
1 verbose cli   'install',
1 verbose cli   '--save',
1 verbose cli   'react-sort-component' ]
2 info using npm@3.10.10
3 info using node@v6.11.1
4 silly loadCurrentTree Starting
5 silly install loadCurrentTree
6 silly install readLocalPackageData
7 silly fetchPackageMetaData react-sort-component
8 silly fetchNamedPackageData react-sort-component
9 silly mapToRegistry name react-sort-component
10 silly mapToRegistry using default registry
11 silly mapToRegistry registry https://registry.npmjs.org/
12 silly mapToRegistry data Result {
12 silly mapToRegistry   raw: 'react-sort-component',
12 silly mapToRegistry   scope: null,
12 silly mapToRegistry   escapedName: 'react-sort-component',
12 silly mapToRegistry   name: 'react-sort-component',
12 silly mapToRegistry   rawSpec: '',
12 silly mapToRegistry   spec: 'latest',
12 silly mapToRegistry   type: 'tag' }
13 silly mapToRegistry uri https://registry.npmjs.org/react-sort-component
14 verbose request uri https://registry.npmjs.org/react-sort-component
15 verbose request no auth needed
16 info attempt registry request try #1 at 10:54:24 AM
17 verbose request id c345943aa80dae39
18 http request GET https://registry.npmjs.org/react-sort-component
19 http 200 https://registry.npmjs.org/react-sort-component
20 verbose headers { server: 'nginx/1.10.1',
20 verbose headers   'content-type': 'application/json',
20 verbose headers   'last-modified': 'Wed, 14 Dec 2016 02:34:41 GMT',
20 verbose headers   etag: 'W/"5850afc1-3ad2"',
20 verbose headers   'content-encoding': 'gzip',
20 verbose headers   'cache-control': 'max-age=300',
20 verbose headers   'content-length': '2518',
20 verbose headers   'accept-ranges': 'bytes',
20 verbose headers   date: 'Mon, 28 Aug 2017 17:54:22 GMT',
20 verbose headers   via: '1.1 varnish',
20 verbose headers   age: '0',
20 verbose headers   connection: 'keep-alive',
20 verbose headers   'x-served-by': 'cache-pao17426-PAO',
20 verbose headers   'x-cache': 'MISS',
20 verbose headers   'x-cache-hits': '0',
20 verbose headers   'x-timer': 'S1503942862.031888,VS0,VE109',
20 verbose headers   vary: 'Accept-Encoding, Accept' }
21 silly get cb [ 200,
21 silly get   { server: 'nginx/1.10.1',
21 silly get     'content-type': 'application/json',
21 silly get     'last-modified': 'Wed, 14 Dec 2016 02:34:41 GMT',
21 silly get     etag: 'W/"5850afc1-3ad2"',
21 silly get     'content-encoding': 'gzip',
21 silly get     'cache-control': 'max-age=300',
21 silly get     'content-length': '2518',
21 silly get     'accept-ranges': 'bytes',
21 silly get     date: 'Mon, 28 Aug 2017 17:54:22 GMT',
21 silly get     via: '1.1 varnish',
21 silly get     age: '0',
21 silly get     connection: 'keep-alive',
21 silly get     'x-served-by': 'cache-pao17426-PAO',
21 silly get     'x-cache': 'MISS',
21 silly get     'x-cache-hits': '0',
21 silly get     'x-timer': 'S1503942862.031888,VS0,VE109',
21 silly get     vary: 'Accept-Encoding, Accept' } ]
22 verbose get saving react-sort-component to C:\Users\Owner\AppData\Roaming\npm-cache\registry.npmjs.org\react-sort-component\.cache.json
23 verbose correctMkdir C:\Users\Owner\AppData\Roaming\npm-cache correctMkdir not in flight; initializing
24 silly install normalizeTree
25 silly loadCurrentTree Finishing
26 silly loadIdealTree Starting
27 silly install loadIdealTree
28 silly cloneCurrentTree Starting
29 silly install cloneCurrentTreeToIdealTree
30 silly cloneCurrentTree Finishing
31 silly loadShrinkwrap Starting
32 silly install loadShrinkwrap
33 silly loadShrinkwrap Finishing
34 silly loadAllDepsIntoIdealTree Starting
35 silly install loadAllDepsIntoIdealTree
36 silly resolveWithNewModule react-sort-component@1.3.0 checking installable status
37 silly cache add args [ 'react-sort-component', null ]
38 verbose cache add spec react-sort-component
39 silly cache add parsed spec Result {
39 silly cache add   raw: 'react-sort-component',
39 silly cache add   scope: null,
39 silly cache add   escapedName: 'react-sort-component',
39 silly cache add   name: 'react-sort-component',
39 silly cache add   rawSpec: '',
39 silly cache add   spec: 'latest',
39 silly cache add   type: 'tag' }
40 silly addNamed react-sort-component@latest
41 verbose addNamed "latest" is being treated as a dist-tag for react-sort-component
42 info addNameTag [ 'react-sort-component', 'latest' ]
43 silly mapToRegistry name react-sort-component
44 silly mapToRegistry using default registry
45 silly mapToRegistry registry https://registry.npmjs.org/
46 silly mapToRegistry data Result {
46 silly mapToRegistry   raw: 'react-sort-component',
46 silly mapToRegistry   scope: null,
46 silly mapToRegistry   escapedName: 'react-sort-component',
46 silly mapToRegistry   name: 'react-sort-component',
46 silly mapToRegistry   rawSpec: '',
46 silly mapToRegistry   spec: 'latest',
46 silly mapToRegistry   type: 'tag' }
47 silly mapToRegistry uri https://registry.npmjs.org/react-sort-component
48 verbose addNameTag registry:https://registry.npmjs.org/react-sort-component not in flight; fetching
49 verbose get https://registry.npmjs.org/react-sort-component not expired, no request
50 silly addNameTag next cb for react-sort-component with tag latest
51 silly addNamed react-sort-component@1.3.0
52 verbose addNamed "1.3.0" is a plain semver version for react-sort-component
53 silly mapToRegistry name react-sort-component
54 silly mapToRegistry using default registry
55 silly mapToRegistry registry https://registry.npmjs.org/
56 silly mapToRegistry data Result {
56 silly mapToRegistry   raw: 'react-sort-component',
56 silly mapToRegistry   scope: null,
56 silly mapToRegistry   escapedName: 'react-sort-component',
56 silly mapToRegistry   name: 'react-sort-component',
56 silly mapToRegistry   rawSpec: '',
56 silly mapToRegistry   spec: 'latest',
56 silly mapToRegistry   type: 'tag' }
57 silly mapToRegistry uri https://registry.npmjs.org/react-sort-component
58 verbose addRemoteTarball https://registry.npmjs.org/react-sort-component/-/react-sort-component-1.3.0.tgz not in flight; adding
59 verbose addRemoteTarball [ 'https://registry.npmjs.org/react-sort-component/-/react-sort-component-1.3.0.tgz',
59 verbose addRemoteTarball   '074ccf6484c0ffc39da04269574f336b53dff881' ]
60 info retry fetch attempt 1 at 10:54:28 AM
61 info attempt registry request try #1 at 10:54:28 AM
62 http fetch GET https://registry.npmjs.org/react-sort-component/-/react-sort-component-1.3.0.tgz
63 http fetch 200 https://registry.npmjs.org/react-sort-component/-/react-sort-component-1.3.0.tgz
64 silly fetchAndShaCheck shasum 074ccf6484c0ffc39da04269574f336b53dff881
65 verbose addTmpTarball C:\Users\Owner\AppData\Local\Temp\npm-4672-15aa71e1\registry.npmjs.org\react-sort-component\-\react-sort-component-1.3.0.tgz not in flight; adding
66 verbose addTmpTarball already have metadata; skipping unpack for react-sort-component@1.3.0
67 verbose correctMkdir C:\Users\Owner\AppData\Roaming\npm-cache correctMkdir not in flight; initializing
68 silly cache afterAdd react-sort-component@1.3.0
69 verbose afterAdd C:\Users\Owner\AppData\Roaming\npm-cache\react-sort-component\1.3.0\package\package.json not in flight; writing
70 verbose correctMkdir C:\Users\Owner\AppData\Roaming\npm-cache correctMkdir not in flight; initializing
71 verbose afterAdd C:\Users\Owner\AppData\Roaming\npm-cache\react-sort-component\1.3.0\package\package.json written
72 silly fetchNamedPackageData fsevents
73 silly mapToRegistry name fsevents
74 silly mapToRegistry using default registry
75 silly mapToRegistry registry https://registry.npmjs.org/
76 silly mapToRegistry data Result {
76 silly mapToRegistry   raw: 'fsevents',
76 silly mapToRegistry   scope: null,
76 silly mapToRegistry   escapedName: 'fsevents',
76 silly mapToRegistry   name: 'fsevents',
76 silly mapToRegistry   rawSpec: '',
76 silly mapToRegistry   spec: 'latest',
76 silly mapToRegistry   type: 'tag' }
77 silly mapToRegistry uri https://registry.npmjs.org/fsevents
78 verbose request uri https://registry.npmjs.org/fsevents
79 verbose request no auth needed
80 info attempt registry request try #1 at 10:54:31 AM
81 verbose etag W/"597215e7-dd9a"
82 verbose lastModified Fri, 21 Jul 2017 14:55:35 GMT
83 http request GET https://registry.npmjs.org/fsevents
84 http 304 https://registry.npmjs.org/fsevents
85 verbose headers { date: 'Mon, 28 Aug 2017 17:54:28 GMT',
85 verbose headers   via: '1.1 varnish',
85 verbose headers   'cache-control': 'max-age=300',
85 verbose headers   etag: 'W/"597215e7-dd9a"',
85 verbose headers   age: '230',
85 verbose headers   connection: 'keep-alive',
85 verbose headers   'x-served-by': 'cache-pao17426-PAO',
85 verbose headers   'x-cache': 'HIT',
85 verbose headers   'x-cache-hits': '1',
85 verbose headers   'x-timer': 'S1503942869.876938,VS0,VE0',
85 verbose headers   vary: 'Accept-Encoding, Accept' }
86 silly get cb [ 304,
86 silly get   { date: 'Mon, 28 Aug 2017 17:54:28 GMT',
86 silly get     via: '1.1 varnish',
86 silly get     'cache-control': 'max-age=300',
86 silly get     etag: 'W/"597215e7-dd9a"',
86 silly get     age: '230',
86 silly get     connection: 'keep-alive',
86 silly get     'x-served-by': 'cache-pao17426-PAO',
86 silly get     'x-cache': 'HIT',
86 silly get     'x-cache-hits': '1',
86 silly get     'x-timer': 'S1503942869.876938,VS0,VE0',
86 silly get     vary: 'Accept-Encoding, Accept' } ]
87 verbose etag https://registry.npmjs.org/fsevents from cache
88 verbose get saving fsevents to C:\Users\Owner\AppData\Roaming\npm-cache\registry.npmjs.org\fsevents\.cache.json
89 verbose correctMkdir C:\Users\Owner\AppData\Roaming\npm-cache correctMkdir not in flight; initializing
90 silly resolveWithNewModule fsevents@1.1.2 checking installable status
91 silly fetchNamedPackageData fsevents
92 silly mapToRegistry name fsevents
93 silly mapToRegistry using default registry
94 silly mapToRegistry registry https://registry.npmjs.org/
95 silly mapToRegistry data Result {
95 silly mapToRegistry   raw: 'fsevents',
95 silly mapToRegistry   scope: null,
95 silly mapToRegistry   escapedName: 'fsevents',
95 silly mapToRegistry   name: 'fsevents',
95 silly mapToRegistry   rawSpec: '',
95 silly mapToRegistry   spec: 'latest',
95 silly mapToRegistry   type: 'tag' }
96 silly mapToRegistry uri https://registry.npmjs.org/fsevents
97 silly resolveWithNewModule fsevents@1.0.17 checking installable status
98 silly loadAllDepsIntoIdealTree Finishing
99 silly loadIdealTree Finishing
100 silly currentTree BookReadsProject
100 silly currentTree +-- abab@1.0.3
100 silly currentTree +-- accepts@1.3.3
100 silly currentTree +-- acorn-globals@3.1.0
100 silly currentTree | `-- acorn@4.0.13
100 silly currentTree +-- acorn-jsx@3.0.1
100 silly currentTree | `-- acorn@3.3.0
100 silly currentTree +-- acorn@5.1.1
100 silly currentTree +-- ajv-keywords@1.5.1
100 silly currentTree +-- ajv@4.11.8
100 silly currentTree +-- align-text@0.1.4
100 silly currentTree +-- alphanum-sort@1.0.2
100 silly currentTree +-- amdefine@1.0.1
100 silly currentTree +-- ansi-escapes@1.4.0
100 silly currentTree +-- ansi-html@0.0.5
100 silly currentTree +-- ansi-regex@2.1.1
100 silly currentTree +-- ansi-styles@2.2.1
100 silly currentTree +-- ansicolors@0.2.1
100 silly currentTree +-- anymatch@1.3.2
100 silly currentTree +-- append-transform@0.4.0
100 silly currentTree +-- argparse@1.0.9
100 silly currentTree +-- aria-query@0.3.0
100 silly currentTree +-- arr-diff@2.0.0
100 silly currentTree +-- arr-flatten@1.1.0
100 silly currentTree +-- array-equal@1.0.0
100 silly currentTree +-- array-flatten@1.1.1
100 silly currentTree +-- array-union@1.0.2
100 silly currentTree +-- array-uniq@1.0.3
100 silly currentTree +-- array-unique@0.2.1
100 silly currentTree +-- arrify@1.0.1
100 silly currentTree +-- asap@2.0.6
100 silly currentTree +-- asn1@0.2.3
100 silly currentTree +-- assert-plus@0.2.0
100 silly currentTree +-- assert@1.4.1
100 silly currentTree +-- ast-types-flow@0.0.7
100 silly currentTree +-- async-each@1.0.1
100 silly currentTree +-- async@1.5.2
100 silly currentTree +-- asynckit@0.4.0
100 silly currentTree +-- autoprefixer@6.7.2
100 silly currentTree +-- aws-sign2@0.6.0
100 silly currentTree +-- aws4@1.6.0
100 silly currentTree +-- babel-code-frame@6.26.0
100 silly currentTree +-- babel-core@6.22.1
100 silly currentTree +-- babel-eslint@7.1.1
100 silly currentTree +-- babel-generator@6.26.0
100 silly currentTree +-- babel-helper-builder-binary-assignment-operator-visitor@6.24.1
100 silly currentTree +-- babel-helper-builder-react-jsx@6.26.0
100 silly currentTree +-- babel-helper-call-delegate@6.24.1
100 silly currentTree +-- babel-helper-define-map@6.26.0
100 silly currentTree +-- babel-helper-explode-assignable-expression@6.24.1
100 silly currentTree +-- babel-helper-function-name@6.24.1
100 silly currentTree +-- babel-helper-get-function-arity@6.24.1
100 silly currentTree +-- babel-helper-hoist-variables@6.24.1
100 silly currentTree +-- babel-helper-optimise-call-expression@6.24.1
100 silly currentTree +-- babel-helper-regex@6.26.0
100 silly currentTree +-- babel-helper-remap-async-to-generator@6.24.1
100 silly currentTree +-- babel-helper-replace-supers@6.24.1
100 silly currentTree +-- babel-helpers@6.24.1
100 silly currentTree +-- babel-jest@18.0.0
100 silly currentTree +-- babel-loader@6.2.10
100 silly currentTree +-- babel-messages@6.23.0
100 silly currentTree +-- babel-plugin-check-es2015-constants@6.22.0
100 silly currentTree +-- babel-plugin-istanbul@3.1.2
100 silly currentTree +-- babel-plugin-jest-hoist@18.0.0
100 silly currentTree +-- babel-plugin-syntax-async-functions@6.13.0
100 silly currentTree +-- babel-plugin-syntax-class-properties@6.13.0
100 silly currentTree +-- babel-plugin-syntax-exponentiation-operator@6.13.0
100 silly currentTree +-- babel-plugin-syntax-flow@6.18.0
100 silly currentTree +-- babel-plugin-syntax-jsx@6.18.0
100 silly currentTree +-- babel-plugin-syntax-object-rest-spread@6.13.0
100 silly currentTree +-- babel-plugin-syntax-trailing-function-commas@6.22.0
100 silly currentTree +-- babel-plugin-transform-async-to-generator@6.24.1
100 silly currentTree +-- babel-plugin-transform-class-properties@6.22.0
100 silly currentTree +-- babel-plugin-transform-es2015-arrow-functions@6.22.0
100 silly currentTree +-- babel-plugin-transform-es2015-block-scoped-functions@6.22.0
100 silly currentTree +-- babel-plugin-transform-es2015-block-scoping@6.26.0
100 silly currentTree +-- babel-plugin-transform-es2015-classes@6.24.1
100 silly currentTree +-- babel-plugin-transform-es2015-computed-properties@6.24.1
100 silly currentTree +-- babel-plugin-transform-es2015-destructuring@6.23.0
100 silly currentTree +-- babel-plugin-transform-es2015-duplicate-keys@6.24.1
100 silly currentTree +-- babel-plugin-transform-es2015-for-of@6.23.0
100 silly currentTree +-- babel-plugin-transform-es2015-function-name@6.24.1
100 silly currentTree +-- babel-plugin-transform-es2015-literals@6.22.0
100 silly currentTree +-- babel-plugin-transform-es2015-modules-amd@6.24.1
100 silly currentTree +-- babel-plugin-transform-es2015-modules-commonjs@6.26.0
100 silly currentTree +-- babel-plugin-transform-es2015-modules-systemjs@6.24.1
100 silly currentTree +-- babel-plugin-transform-es2015-modules-umd@6.24.1
100 silly currentTree +-- babel-plugin-transform-es2015-object-super@6.24.1
100 silly currentTree +-- babel-plugin-transform-es2015-parameters@6.24.1
100 silly currentTree +-- babel-plugin-transform-es2015-shorthand-properties@6.24.1
100 silly currentTree +-- babel-plugin-transform-es2015-spread@6.22.0
100 silly currentTree +-- babel-plugin-transform-es2015-sticky-regex@6.24.1
100 silly currentTree +-- babel-plugin-transform-es2015-template-literals@6.22.0
100 silly currentTree +-- babel-plugin-transform-es2015-typeof-symbol@6.23.0
100 silly currentTree +-- babel-plugin-transform-es2015-unicode-regex@6.24.1
100 silly currentTree +-- babel-plugin-transform-exponentiation-operator@6.24.1
100 silly currentTree +-- babel-plugin-transform-flow-strip-types@6.22.0
100 silly currentTree +-- babel-plugin-transform-object-rest-spread@6.22.0
100 silly currentTree +-- babel-plugin-transform-react-constant-elements@6.22.0
100 silly currentTree +-- babel-plugin-transform-react-display-name@6.25.0
100 silly currentTree +-- babel-plugin-transform-react-jsx-self@6.22.0
100 silly currentTree +-- babel-plugin-transform-react-jsx-source@6.22.0
100 silly currentTree +-- babel-plugin-transform-react-jsx@6.22.0
100 silly currentTree +-- babel-plugin-transform-regenerator@6.22.0
100 silly currentTree +-- babel-plugin-transform-runtime@6.22.0
100 silly currentTree +-- babel-plugin-transform-strict-mode@6.24.1
100 silly currentTree +-- babel-preset-env@1.2.1
100 silly currentTree +-- babel-preset-jest@18.0.0
100 silly currentTree +-- babel-preset-react-app@2.2.0
100 silly currentTree | +-- babel-runtime@6.22.0
100 silly currentTree | +-- core-js@2.5.0
100 silly currentTree | `-- regenerator-runtime@0.10.5
100 silly currentTree +-- babel-preset-react@6.22.0
100 silly currentTree +-- babel-register@6.26.0
100 silly currentTree | +-- babel-core@6.26.0
100 silly currentTree | `-- core-js@2.5.0
100 silly currentTree +-- babel-runtime@6.26.0
100 silly currentTree | `-- core-js@2.5.0
100 silly currentTree +-- babel-template@6.26.0
100 silly currentTree +-- babel-traverse@6.26.0
100 silly currentTree +-- babel-types@6.26.0
100 silly currentTree +-- babylon@6.18.0
100 silly currentTree +-- balanced-match@1.0.0
100 silly currentTree +-- base64-js@1.2.1
100 silly currentTree +-- batch@0.6.1
100 silly currentTree +-- bcrypt-pbkdf@1.0.1
100 silly currentTree +-- big.js@3.1.3
100 silly currentTree +-- binary-extensions@1.10.0
100 silly currentTree +-- bluebird@3.5.0
100 silly currentTree +-- boolbase@1.0.0
100 silly currentTree +-- boom@2.10.1
100 silly currentTree +-- brace-expansion@1.1.8
100 silly currentTree +-- braces@1.8.5
100 silly currentTree +-- browser-resolve@1.11.2
100 silly currentTree | `-- resolve@1.1.7
100 silly currentTree +-- browserify-aes@0.4.0
100 silly currentTree +-- browserify-zlib@0.1.4
100 silly currentTree +-- browserslist@1.7.7
100 silly currentTree +-- bser@1.0.2
100 silly currentTree +-- buffer@4.9.1
100 silly currentTree +-- builtin-modules@1.1.1
100 silly currentTree +-- builtin-status-codes@3.0.0
100 silly currentTree +-- bytes@2.5.0
100 silly currentTree +-- caller-path@0.1.0
100 silly currentTree +-- callsites@0.2.0
100 silly currentTree +-- camel-case@3.0.0
100 silly currentTree +-- camelcase@1.2.1
100 silly currentTree +-- caniuse-api@1.6.1
100 silly currentTree +-- caniuse-db@1.0.30000715
100 silly currentTree +-- cardinal@1.0.0
100 silly currentTree +-- case-sensitive-paths-webpack-plugin@1.1.4
100 silly currentTree +-- caseless@0.12.0
100 silly currentTree +-- center-align@0.1.3
100 silly currentTree +-- chalk@1.1.3
100 silly currentTree | `-- supports-color@2.0.0
100 silly currentTree +-- chokidar@1.7.0
100 silly currentTree +-- ci-info@1.0.0
100 silly currentTree +-- circular-json@0.3.3
100 silly currentTree +-- clap@1.2.0
100 silly currentTree +-- clean-css@4.1.7
100 silly currentTree +-- cli-cursor@1.0.2
100 silly currentTree +-- cli-table@0.3.1
100 silly currentTree | `-- colors@1.0.3
100 silly currentTree +-- cli-usage@0.1.4
100 silly currentTree +-- cli-width@2.1.0
100 silly currentTree +-- cliui@2.1.0
100 silly currentTree | `-- wordwrap@0.0.2
100 silly currentTree +-- clone@1.0.2
100 silly currentTree +-- co@4.6.0
100 silly currentTree +-- coa@1.0.4
100 silly currentTree +-- code-point-at@1.1.0
100 silly currentTree +-- color-convert@1.9.0
100 silly currentTree +-- color-name@1.1.3
100 silly currentTree +-- color-string@0.3.0
100 silly currentTree +-- color@0.11.4
100 silly currentTree +-- colormin@1.1.2
100 silly currentTree +-- colors@1.1.2
100 silly currentTree +-- combined-stream@1.0.5
100 silly currentTree +-- commander@2.11.0
100 silly currentTree +-- commondir@1.0.1
100 silly currentTree +-- compressible@2.0.11
100 silly currentTree +-- compression@1.7.0
100 silly currentTree +-- concat-map@0.0.1
100 silly currentTree +-- concat-stream@1.6.0
100 silly currentTree +-- connect-history-api-fallback@1.3.0
100 silly currentTree +-- console-browserify@1.1.0
100 silly currentTree +-- constants-browserify@1.0.0
100 silly currentTree +-- contains-path@0.1.0
100 silly currentTree +-- content-disposition@0.5.2
100 silly currentTree +-- content-type-parser@1.0.1
100 silly currentTree +-- content-type@1.0.2
100 silly currentTree +-- convert-source-map@1.5.0
100 silly currentTree +-- cookie-signature@1.0.6
100 silly currentTree +-- cookie@0.3.1
100 silly currentTree +-- core-js@1.2.7
100 silly currentTree +-- core-util-is@1.0.2
100 silly currentTree +-- cosmiconfig@2.2.2
100 silly currentTree | `-- minimist@1.2.0
100 silly currentTree +-- create-react-class@15.6.0
100 silly currentTree +-- cross-spawn@4.0.2
100 silly currentTree +-- cryptiles@2.0.5
100 silly currentTree +-- crypto-browserify@3.3.0
100 silly currentTree +-- css-color-names@0.0.4
100 silly currentTree +-- css-loader@0.26.1
100 silly currentTree +-- css-select@1.2.0
100 silly currentTree +-- css-selector-tokenizer@0.7.0
100 silly currentTree | `-- regexpu-core@1.0.0
100 silly currentTree +-- css-what@2.1.0
100 silly currentTree +-- cssesc@0.1.0
100 silly currentTree +-- cssnano@3.10.0
100 silly currentTree +-- csso@2.3.2
100 silly currentTree +-- cssom@0.3.2
100 silly currentTree +-- cssstyle@0.2.37
100 silly currentTree +-- d@1.0.0
100 silly currentTree +-- damerau-levenshtein@1.0.4
100 silly currentTree +-- dashdash@1.14.1
100 silly currentTree | `-- assert-plus@1.0.0
100 silly currentTree +-- date-now@0.1.4
100 silly currentTree +-- debug@2.6.8
100 silly currentTree +-- decamelize@1.2.0
100 silly currentTree +-- deep-is@0.1.3
100 silly currentTree +-- default-require-extensions@1.0.0
100 silly currentTree +-- defined@1.0.0
100 silly currentTree +-- del@2.2.2
100 silly currentTree +-- delayed-stream@1.0.0
100 silly currentTree +-- depd@1.1.1
100 silly currentTree +-- destroy@1.0.4
100 silly currentTree +-- detect-indent@4.0.0
100 silly currentTree +-- detect-port@1.1.0
100 silly currentTree +-- diff@3.3.0
100 silly currentTree +-- doctrine@1.5.0
100 silly currentTree +-- dom-converter@0.1.4
100 silly currentTree | `-- utila@0.3.3
100 silly currentTree +-- dom-serializer@0.1.0
100 silly currentTree | `-- domelementtype@1.1.3
100 silly currentTree +-- domain-browser@1.1.7
100 silly currentTree +-- domelementtype@1.3.0
100 silly currentTree +-- domhandler@2.1.0
100 silly currentTree +-- domutils@1.5.1
100 silly currentTree +-- dotenv@2.0.0
100 silly currentTree +-- duplexer@0.1.1
100 silly currentTree +-- ecc-jsbn@0.1.1
100 silly currentTree +-- ee-first@1.1.1
100 silly currentTree +-- electron-to-chromium@1.3.18
100 silly currentTree +-- emoji-regex@6.5.1
100 silly currentTree +-- emojis-list@2.1.0
100 silly currentTree +-- encodeurl@1.0.1
100 silly currentTree +-- encoding@0.1.12
100 silly currentTree +-- enhanced-resolve@0.9.1
100 silly currentTree | `-- memory-fs@0.2.0
100 silly currentTree +-- entities@1.1.1
100 silly currentTree +-- errno@0.1.4
100 silly currentTree +-- error-ex@1.3.1
100 silly currentTree +-- es5-ext@0.10.27
100 silly currentTree +-- es6-iterator@2.0.1
100 silly currentTree +-- es6-map@0.1.5
100 silly currentTree +-- es6-set@0.1.5
100 silly currentTree +-- es6-symbol@3.1.1
100 silly currentTree +-- es6-weak-map@2.0.2
100 silly currentTree +-- escape-html@1.0.3
100 silly currentTree +-- escape-string-regexp@1.0.5
100 silly currentTree +-- escodegen@1.8.1
100 silly currentTree | +-- estraverse@1.9.3
100 silly currentTree | `-- source-map@0.2.0
100 silly currentTree +-- escope@3.6.0
100 silly currentTree +-- eslint-config-react-app@0.6.2
100 silly currentTree +-- eslint-import-resolver-node@0.2.3
100 silly currentTree +-- eslint-loader@1.6.0
100 silly currentTree +-- eslint-module-utils@1.0.0
100 silly currentTree | +-- debug@2.2.0
100 silly currentTree | `-- ms@0.7.1
100 silly currentTree +-- eslint-plugin-flowtype@2.21.0
100 silly currentTree +-- eslint-plugin-import@2.0.1
100 silly currentTree | `-- doctrine@1.3.0
100 silly currentTree +-- eslint-plugin-jsx-a11y@4.0.0
100 silly currentTree +-- eslint-plugin-react@6.4.1
100 silly currentTree +-- eslint@3.16.1
100 silly currentTree | `-- strip-bom@3.0.0
100 silly currentTree +-- espree@3.5.0
100 silly currentTree +-- esprima@2.7.3
100 silly currentTree +-- esrecurse@4.2.0
100 silly currentTree +-- estraverse@4.2.0
100 silly currentTree +-- esutils@2.0.2
100 silly currentTree +-- etag@1.8.0
100 silly currentTree +-- event-emitter@0.3.5
100 silly currentTree +-- eventemitter3@1.2.0
100 silly currentTree +-- events@1.1.1
100 silly currentTree +-- eventsource@0.1.6
100 silly currentTree +-- exec-sh@0.2.0
100 silly currentTree +-- exit-hook@1.1.1
100 silly currentTree +-- expand-brackets@0.1.5
100 silly currentTree +-- expand-range@1.8.2
100 silly currentTree +-- express@4.15.4
100 silly currentTree | `-- qs@6.5.0
100 silly currentTree +-- extend@3.0.1
100 silly currentTree +-- extglob@0.3.2
100 silly currentTree +-- extract-text-webpack-plugin@1.0.1
100 silly currentTree +-- extsprintf@1.3.0
100 silly currentTree +-- fast-levenshtein@2.0.6
100 silly currentTree +-- fastparse@1.1.1
100 silly currentTree +-- faye-websocket@0.7.3
100 silly currentTree +-- fb-watchman@1.9.2
100 silly currentTree +-- fbjs@0.8.14
100 silly currentTree +-- figures@1.7.0
100 silly currentTree +-- file-entry-cache@2.0.0
100 silly currentTree +-- file-loader@0.10.0
100 silly currentTree +-- filename-regex@2.0.1
100 silly currentTree +-- fileset@2.0.3
100 silly currentTree +-- filesize@3.3.0
100 silly currentTree +-- fill-range@2.2.3
100 silly currentTree +-- finalhandler@1.0.4
100 silly currentTree +-- find-cache-dir@0.1.1
100 silly currentTree +-- find-up@1.1.2
100 silly currentTree +-- flat-cache@1.2.2
100 silly currentTree +-- flatten@1.0.2
100 silly currentTree +-- for-in@1.0.2
100 silly currentTree +-- for-own@0.1.5
100 silly currentTree +-- forever-agent@0.6.1
100 silly currentTree +-- form-data@2.1.4
100 silly currentTree +-- forwarded@0.1.0
100 silly currentTree +-- fresh@0.5.0
100 silly currentTree +-- fs-extra@0.30.0
100 silly currentTree +-- fs.realpath@1.0.0
100 silly currentTree +-- function-bind@1.1.0
100 silly currentTree +-- generate-function@2.0.0
100 silly currentTree +-- generate-object-property@1.2.0
100 silly currentTree +-- get-caller-file@1.0.2
100 silly currentTree +-- getpass@0.1.7
100 silly currentTree | `-- assert-plus@1.0.0
100 silly currentTree +-- glob-base@0.3.0
100 silly currentTree +-- glob-parent@2.0.0
100 silly currentTree +-- glob@7.1.2
100 silly currentTree +-- globals@9.18.0
100 silly currentTree +-- globby@5.0.0
100 silly currentTree +-- graceful-fs@4.1.11
100 silly currentTree +-- growly@1.3.0
100 silly currentTree +-- gzip-size@3.0.0
100 silly currentTree +-- handlebars@4.0.10
100 silly currentTree | +-- source-map@0.4.4
100 silly currentTree | +-- uglify-js@2.8.29
100 silly currentTree | | `-- source-map@0.5.6
100 silly currentTree | `-- yargs@3.10.0
100 silly currentTree +-- har-schema@1.0.5
100 silly currentTree +-- har-validator@4.2.1
100 silly currentTree +-- has-ansi@2.0.0
100 silly currentTree +-- has-flag@1.0.0
100 silly currentTree +-- has@1.0.1
100 silly currentTree +-- hawk@3.1.3
100 silly currentTree +-- he@1.1.1
100 silly currentTree +-- history@4.7.2
100 silly currentTree +-- hoek@2.16.3
100 silly currentTree +-- hoist-non-react-statics@1.2.0
100 silly currentTree +-- home-or-tmp@2.0.0
100 silly currentTree +-- hosted-git-info@2.5.0
100 silly currentTree +-- html-comment-regex@1.1.1
100 silly currentTree +-- html-encoding-sniffer@1.0.1
100 silly currentTree +-- html-entities@1.2.0
100 silly currentTree +-- html-minifier@3.5.3
100 silly currentTree +-- html-webpack-plugin@2.24.0
100 silly currentTree +-- htmlparser2@3.3.0
100 silly currentTree | +-- domutils@1.1.6
100 silly currentTree | +-- isarray@0.0.1
100 silly currentTree | +-- readable-stream@1.0.34
100 silly currentTree | `-- string_decoder@0.10.31
100 silly currentTree +-- http-errors@1.6.2
100 silly currentTree +-- http-proxy-middleware@0.17.3
100 silly currentTree | +-- is-extglob@2.1.1
100 silly currentTree | `-- is-glob@3.1.0
100 silly currentTree +-- http-proxy@1.16.2
100 silly currentTree +-- http-signature@1.1.1
100 silly currentTree +-- https-browserify@0.0.1
100 silly currentTree +-- iconv-lite@0.4.18
100 silly currentTree +-- icss-replace-symbols@1.1.0
100 silly currentTree +-- ieee754@1.1.8
100 silly currentTree +-- ignore@3.3.3
100 silly currentTree +-- imurmurhash@0.1.4
100 silly currentTree +-- indexes-of@1.0.1
100 silly currentTree +-- indexof@0.0.1
100 silly currentTree +-- inflight@1.0.6
100 silly currentTree +-- inherits@2.0.3
100 silly currentTree +-- inquirer@0.12.0
100 silly currentTree +-- interpret@1.0.3
100 silly currentTree +-- invariant@2.2.2
100 silly currentTree +-- invert-kv@1.0.0
100 silly currentTree +-- ipaddr.js@1.4.0
100 silly currentTree +-- is-absolute-url@2.1.0
100 silly currentTree +-- is-arrayish@0.2.1
100 silly currentTree +-- is-binary-path@1.0.1
100 silly currentTree +-- is-buffer@1.1.5
100 silly currentTree +-- is-builtin-module@1.0.0
100 silly currentTree +-- is-ci@1.0.10
100 silly currentTree +-- is-directory@0.3.1
100 silly currentTree +-- is-dotfile@1.0.3
100 silly currentTree +-- is-equal-shallow@0.1.3
100 silly currentTree +-- is-extendable@0.1.1
100 silly currentTree +-- is-extglob@1.0.0
100 silly currentTree +-- is-finite@1.0.2
100 silly currentTree +-- is-fullwidth-code-point@1.0.0
100 silly currentTree +-- is-glob@2.0.1
100 silly currentTree +-- is-my-json-valid@2.16.0
100 silly currentTree +-- is-number@2.1.0
100 silly currentTree +-- is-path-cwd@1.0.0
100 silly currentTree +-- is-path-in-cwd@1.0.0
100 silly currentTree +-- is-path-inside@1.0.0
100 silly currentTree +-- is-plain-obj@1.1.0
100 silly currentTree +-- is-posix-bracket@0.1.1
100 silly currentTree +-- is-primitive@2.0.0
100 silly currentTree +-- is-property@1.0.2
100 silly currentTree +-- is-resolvable@1.0.0
100 silly currentTree +-- is-stream@1.1.0
100 silly currentTree +-- is-svg@2.1.0
100 silly currentTree +-- is-typedarray@1.0.0
100 silly currentTree +-- is-utf8@0.2.1
100 silly currentTree +-- isarray@1.0.0
100 silly currentTree +-- isexe@2.0.0
100 silly currentTree +-- isobject@2.1.0
100 silly currentTree +-- isomorphic-fetch@2.2.1
100 silly currentTree +-- isstream@0.1.2
100 silly currentTree +-- istanbul-api@1.1.11
100 silly currentTree | `-- async@2.5.0
100 silly currentTree +-- istanbul-lib-coverage@1.1.1
100 silly currentTree +-- istanbul-lib-hook@1.0.7
100 silly currentTree +-- istanbul-lib-instrument@1.7.4
100 silly currentTree +-- istanbul-lib-report@1.1.1
100 silly currentTree +-- istanbul-lib-source-maps@1.2.1
100 silly currentTree +-- istanbul-reports@1.1.1
100 silly currentTree +-- jest-changed-files@17.0.2
100 silly currentTree +-- jest-config@18.1.0
100 silly currentTree +-- jest-diff@18.1.0
100 silly currentTree +-- jest-environment-jsdom@18.1.0
100 silly currentTree +-- jest-environment-node@18.1.0
100 silly currentTree +-- jest-file-exists@17.0.0
100 silly currentTree +-- jest-haste-map@18.1.0
100 silly currentTree +-- jest-jasmine2@18.1.0
100 silly currentTree +-- jest-matcher-utils@18.1.0
100 silly currentTree +-- jest-matchers@18.1.0
100 silly currentTree +-- jest-mock@18.0.0
100 silly currentTree +-- jest-resolve-dependencies@18.1.0
100 silly currentTree +-- jest-resolve@18.1.0
100 silly currentTree +-- jest-runtime@18.1.0
100 silly currentTree +-- jest-snapshot@18.1.0
100 silly currentTree +-- jest-util@18.1.0
100 silly currentTree +-- jest@18.1.0
100 silly currentTree | +-- callsites@2.0.0
100 silly currentTree | `-- jest-cli@18.1.0
100 silly currentTree +-- js-base64@2.1.9
100 silly currentTree +-- js-tokens@3.0.2
100 silly currentTree +-- js-yaml@3.7.0
100 silly currentTree +-- jsbn@0.1.1
100 silly currentTree +-- jsdom@9.12.0
100 silly currentTree | `-- acorn@4.0.13
100 silly currentTree +-- jsesc@1.3.0
100 silly currentTree +-- json-loader@0.5.4
100 silly currentTree +-- json-schema@0.2.3
100 silly currentTree +-- json-stable-stringify@1.0.1
100 silly currentTree +-- json-stringify-safe@5.0.1
100 silly currentTree +-- json3@3.3.2
100 silly currentTree +-- json5@0.5.1
100 silly currentTree +-- jsonfile@2.4.0
100 silly currentTree +-- jsonify@0.0.0
100 silly currentTree +-- jsonpointer@4.0.1
100 silly currentTree +-- jsprim@1.4.1
100 silly currentTree | `-- assert-plus@1.0.0
100 silly currentTree +-- jsx-ast-utils@1.4.1
100 silly currentTree +-- kind-of@3.2.2
100 silly currentTree +-- klaw@1.3.1
100 silly currentTree +-- lazy-cache@1.0.4
100 silly currentTree +-- lcid@1.0.0
100 silly currentTree +-- levn@0.3.0
100 silly currentTree +-- load-json-file@1.1.0
100 silly currentTree +-- loader-utils@0.2.17
100 silly currentTree +-- lodash._arraycopy@3.0.0
100 silly currentTree +-- lodash._arrayeach@3.0.0
100 silly currentTree +-- lodash._baseassign@3.2.0
100 silly currentTree +-- lodash._baseclone@3.3.0
100 silly currentTree +-- lodash._basecopy@3.0.1
100 silly currentTree +-- lodash._basefor@3.0.3
100 silly currentTree +-- lodash._bindcallback@3.0.1
100 silly currentTree +-- lodash._getnative@3.9.1
100 silly currentTree +-- lodash.assign@4.2.0
100 silly currentTree +-- lodash.camelcase@4.3.0
100 silly currentTree +-- lodash.clonedeep@3.0.2
100 silly currentTree +-- lodash.cond@4.5.2
100 silly currentTree +-- lodash.isarguments@3.1.0
100 silly currentTree +-- lodash.isarray@3.0.4
100 silly currentTree +-- lodash.keys@3.1.2
100 silly currentTree +-- lodash.memoize@4.1.2
100 silly currentTree +-- lodash.pickby@4.6.0
100 silly currentTree +-- lodash.toarray@4.4.0
100 silly currentTree +-- lodash.uniq@4.5.0
100 silly currentTree +-- lodash@4.17.4
100 silly currentTree +-- longest@1.0.1
100 silly currentTree +-- loose-envify@1.3.1
100 silly currentTree +-- lower-case@1.1.4
100 silly currentTree +-- lru-cache@4.1.1
100 silly currentTree +-- macaddress@0.2.8
100 silly currentTree +-- makeerror@1.0.11
100 silly currentTree +-- marked-terminal@1.7.0
100 silly currentTree +-- marked@0.3.6
100 silly currentTree +-- math-expression-evaluator@1.2.17
100 silly currentTree +-- media-typer@0.3.0
100 silly currentTree +-- memory-fs@0.3.0
100 silly currentTree +-- merge-descriptors@1.0.1
100 silly currentTree +-- merge@1.2.0
100 silly currentTree +-- methods@1.1.2
100 silly currentTree +-- micromatch@2.3.11
100 silly currentTree +-- mime-db@1.29.0
100 silly currentTree +-- mime-types@2.1.16
100 silly currentTree +-- mime@1.2.11
100 silly currentTree +-- minimatch@3.0.4
100 silly currentTree +-- minimist@0.0.8
100 silly currentTree +-- mkdirp@0.5.1
100 silly currentTree +-- ms@2.0.0
100 silly currentTree +-- mute-stream@0.0.5
100 silly currentTree +-- natural-compare@1.4.0
100 silly currentTree +-- ncname@1.0.0
100 silly currentTree +-- negotiator@0.6.1
100 silly currentTree +-- no-case@2.3.1
100 silly currentTree +-- node-emoji@1.8.1
100 silly currentTree +-- node-fetch@1.7.2
100 silly currentTree +-- node-int64@0.4.0
100 silly currentTree +-- node-libs-browser@0.7.0
100 silly currentTree | `-- string_decoder@0.10.31
100 silly currentTree +-- node-notifier@4.6.1
100 silly currentTree | `-- minimist@1.2.0
100 silly currentTree +-- normalize-package-data@2.4.0
100 silly currentTree +-- normalize-path@2.1.1
100 silly currentTree +-- normalize-range@0.1.2
100 silly currentTree +-- normalize-url@1.9.1
100 silly currentTree +-- nth-check@1.0.1
100 silly currentTree +-- num2fraction@1.2.2
100 silly currentTree +-- number-is-nan@1.0.1
100 silly currentTree +-- nwmatcher@1.4.1
100 silly currentTree +-- oauth-sign@0.8.2
100 silly currentTree +-- object-assign@4.1.1
100 silly currentTree +-- object.omit@2.0.1
100 silly currentTree +-- on-finished@2.3.0
100 silly currentTree +-- on-headers@1.0.1
100 silly currentTree +-- once@1.4.0
100 silly currentTree +-- onetime@1.1.0
100 silly currentTree +-- open@0.0.5
100 silly currentTree +-- opn@4.0.2
100 silly currentTree +-- optimist@0.6.1
100 silly currentTree | `-- wordwrap@0.0.3
100 silly currentTree +-- optionator@0.8.2
100 silly currentTree +-- original@1.0.0
100 silly currentTree | `-- url-parse@1.0.5
100 silly currentTree +-- os-browserify@0.2.1
100 silly currentTree +-- os-homedir@1.0.2
100 silly currentTree +-- os-locale@1.4.0
100 silly currentTree +-- os-tmpdir@1.0.2
100 silly currentTree +-- pako@0.2.9
100 silly currentTree +-- param-case@2.1.1
100 silly currentTree +-- parse-glob@3.0.4
100 silly currentTree +-- parse-json@2.2.0
100 silly currentTree +-- parse5@1.5.1
100 silly currentTree +-- parseurl@1.3.1
100 silly currentTree +-- path-browserify@0.0.0
100 silly currentTree +-- path-exists@2.1.0
100 silly currentTree +-- path-is-absolute@1.0.1
100 silly currentTree +-- path-is-inside@1.0.2
100 silly currentTree +-- path-parse@1.0.5
100 silly currentTree +-- path-to-regexp@0.1.7
100 silly currentTree +-- path-type@1.1.0
100 silly currentTree +-- pbkdf2-compat@2.0.1
100 silly currentTree +-- performance-now@0.2.0
100 silly currentTree +-- pify@2.3.0
100 silly currentTree +-- pinkie-promise@2.0.1
100 silly currentTree +-- pinkie@2.0.4
100 silly currentTree +-- pkg-dir@1.0.0
100 silly currentTree +-- pkg-up@1.0.0
100 silly currentTree +-- pluralize@1.2.1
100 silly currentTree +-- postcss-calc@5.3.1
100 silly currentTree +-- postcss-colormin@2.2.2
100 silly currentTree +-- postcss-convert-values@2.6.1
100 silly currentTree +-- postcss-discard-comments@2.0.4
100 silly currentTree +-- postcss-discard-duplicates@2.1.0
100 silly currentTree +-- postcss-discard-empty@2.1.0
100 silly currentTree +-- postcss-discard-overridden@0.1.1
100 silly currentTree +-- postcss-discard-unused@2.2.3
100 silly currentTree +-- postcss-filter-plugins@2.0.2
100 silly currentTree +-- postcss-load-config@1.2.0
100 silly currentTree +-- postcss-load-options@1.2.0
100 silly currentTree +-- postcss-load-plugins@2.3.0
100 silly currentTree +-- postcss-loader@1.2.2
100 silly currentTree +-- postcss-merge-idents@2.1.7
100 silly currentTree +-- postcss-merge-longhand@2.0.2
100 silly currentTree +-- postcss-merge-rules@2.1.2
100 silly currentTree +-- postcss-message-helpers@2.0.0
100 silly currentTree +-- postcss-minify-font-values@1.0.5
100 silly currentTree +-- postcss-minify-gradients@1.0.5
100 silly currentTree +-- postcss-minify-params@1.2.2
100 silly currentTree +-- postcss-minify-selectors@2.1.1
100 silly currentTree +-- postcss-modules-extract-imports@1.1.0
100 silly currentTree | +-- ansi-styles@3.2.0
100 silly currentTree | +-- chalk@2.1.0
100 silly currentTree | +-- has-flag@2.0.0
100 silly currentTree | +-- postcss@6.0.9
100 silly currentTree | `-- supports-color@4.2.1
100 silly currentTree +-- postcss-modules-local-by-default@1.2.0
100 silly currentTree | +-- ansi-styles@3.2.0
100 silly currentTree | +-- chalk@2.1.0
100 silly currentTree | +-- has-flag@2.0.0
100 silly currentTree | +-- postcss@6.0.9
100 silly currentTree | `-- supports-color@4.2.1
100 silly currentTree +-- postcss-modules-scope@1.1.0
100 silly currentTree | +-- ansi-styles@3.2.0
100 silly currentTree | +-- chalk@2.1.0
100 silly currentTree | +-- has-flag@2.0.0
100 silly currentTree | +-- postcss@6.0.9
100 silly currentTree | `-- supports-color@4.2.1
100 silly currentTree +-- postcss-modules-values@1.3.0
100 silly currentTree | +-- ansi-styles@3.2.0
100 silly currentTree | +-- chalk@2.1.0
100 silly currentTree | +-- has-flag@2.0.0
100 silly currentTree | +-- postcss@6.0.9
100 silly currentTree | `-- supports-color@4.2.1
100 silly currentTree +-- postcss-normalize-charset@1.1.1
100 silly currentTree +-- postcss-normalize-url@3.0.8
100 silly currentTree +-- postcss-ordered-values@2.2.3
100 silly currentTree +-- postcss-reduce-idents@2.4.0
100 silly currentTree +-- postcss-reduce-initial@1.0.1
100 silly currentTree +-- postcss-reduce-transforms@1.0.4
100 silly currentTree +-- postcss-selector-parser@2.2.3
100 silly currentTree +-- postcss-svgo@2.1.6
100 silly currentTree +-- postcss-unique-selectors@2.0.2
100 silly currentTree +-- postcss-value-parser@3.3.0
100 silly currentTree +-- postcss-zindex@2.2.0
100 silly currentTree +-- postcss@5.2.17
100 silly currentTree +-- prelude-ls@1.1.2
100 silly currentTree +-- prepend-http@1.0.4
100 silly currentTree +-- preserve@0.2.0
100 silly currentTree +-- pretty-error@2.1.1
100 silly currentTree +-- pretty-format@18.1.0
100 silly currentTree +-- private@0.1.7
100 silly currentTree +-- process-nextick-args@1.0.7
100 silly currentTree +-- process@0.11.10
100 silly currentTree +-- progress@1.1.8
100 silly currentTree +-- promise@7.3.1
100 silly currentTree +-- prop-types@15.5.10
100 silly currentTree +-- proxy-addr@1.1.5
100 silly currentTree +-- prr@0.0.0
100 silly currentTree +-- pseudomap@1.0.2
100 silly currentTree +-- punycode@1.4.1
100 silly currentTree +-- q@1.5.0
100 silly currentTree +-- qs@6.4.0
100 silly currentTree +-- query-string@4.3.4
100 silly currentTree +-- querystring-es3@0.2.1
100 silly currentTree +-- querystring@0.2.0
100 silly currentTree +-- querystringify@0.0.4
100 silly currentTree +-- randomatic@1.1.7
100 silly currentTree | +-- is-number@3.0.0
100 silly currentTree | | `-- kind-of@3.2.2
100 silly currentTree | `-- kind-of@4.0.0
100 silly currentTree +-- range-parser@1.2.0
100 silly currentTree +-- react-dev-utils@0.5.2
100 silly currentTree +-- react-dom@15.6.1
100 silly currentTree +-- react-router-dom@4.2.2
100 silly currentTree | +-- hoist-non-react-statics@2.3.0
100 silly currentTree | +-- isarray@0.0.1
100 silly currentTree | +-- path-to-regexp@1.7.0
100 silly currentTree | `-- react-router@4.2.0
100 silly currentTree +-- react-router@4.1.2
100 silly currentTree | +-- isarray@0.0.1
100 silly currentTree | `-- path-to-regexp@1.7.0
100 silly currentTree +-- react-scripts@0.9.5
100 silly currentTree | +-- promise@7.1.1
100 silly currentTree | `-- whatwg-fetch@2.0.2
100 silly currentTree +-- react@15.6.1
100 silly currentTree +-- read-pkg-up@1.0.1
100 silly currentTree +-- read-pkg@1.1.0
100 silly currentTree +-- readable-stream@2.3.3
100 silly currentTree +-- readdirp@2.1.0
100 silly currentTree +-- readline2@1.0.1
100 silly currentTree +-- rechoir@0.6.2
100 silly currentTree +-- recursive-readdir@2.1.1
100 silly currentTree | `-- minimatch@3.0.3
100 silly currentTree +-- redeyed@1.0.1
100 silly currentTree | `-- esprima@3.0.0
100 silly currentTree +-- reduce-css-calc@1.3.0
100 silly currentTree | `-- balanced-match@0.4.2
100 silly currentTree +-- reduce-function-call@1.0.2
100 silly currentTree | `-- balanced-match@0.4.2
100 silly currentTree +-- regenerate@1.3.2
100 silly currentTree +-- regenerator-runtime@0.11.0
100 silly currentTree +-- regenerator-transform@0.9.8
100 silly currentTree +-- regex-cache@0.4.3
100 silly currentTree +-- regexpu-core@2.0.0
100 silly currentTree +-- regjsgen@0.2.0
100 silly currentTree +-- regjsparser@0.1.5
100 silly currentTree | `-- jsesc@0.5.0
100 silly currentTree +-- relateurl@0.2.7
100 silly currentTree +-- remove-trailing-separator@1.1.0
100 silly currentTree +-- renderkid@2.0.1
100 silly currentTree | `-- utila@0.3.3
100 silly currentTree +-- repeat-element@1.1.2
100 silly currentTree +-- repeat-string@1.6.1
100 silly currentTree +-- repeating@2.0.1
100 silly currentTree +-- request@2.81.0
100 silly currentTree +-- require-directory@2.1.1
100 silly currentTree +-- require-from-string@1.2.1
100 silly currentTree +-- require-main-filename@1.0.1
100 silly currentTree +-- require-uncached@1.0.3
100 silly currentTree +-- requires-port@1.0.0
100 silly currentTree +-- resolve-from@1.0.1
100 silly currentTree +-- resolve-pathname@2.2.0
100 silly currentTree +-- resolve@1.4.0
100 silly currentTree +-- restore-cursor@1.0.1
100 silly currentTree +-- right-align@0.1.3
100 silly currentTree +-- rimraf@2.6.1
100 silly currentTree +-- ripemd160@0.2.0
100 silly currentTree +-- run-async@0.1.0
100 silly currentTree +-- rx-lite@3.1.2
100 silly currentTree +-- safe-buffer@5.1.1
100 silly currentTree +-- sane@1.4.1
100 silly currentTree | `-- minimist@1.2.0
100 silly currentTree +-- sax@1.2.4
100 silly currentTree +-- semver@5.4.1
100 silly currentTree +-- send@0.15.4
100 silly currentTree | `-- mime@1.3.4
100 silly currentTree +-- serve-index@1.9.0
100 silly currentTree +-- serve-static@1.12.4
100 silly currentTree +-- set-blocking@2.0.0
100 silly currentTree +-- set-immediate-shim@1.0.1
100 silly currentTree +-- setimmediate@1.0.5
100 silly currentTree +-- setprototypeof@1.0.3
100 silly currentTree +-- sha.js@2.2.6
100 silly currentTree +-- shelljs@0.7.8
100 silly currentTree +-- shellwords@0.1.1
100 silly currentTree +-- slash@1.0.0
100 silly currentTree +-- slice-ansi@0.0.4
100 silly currentTree +-- sntp@1.0.9
100 silly currentTree +-- sockjs-client@1.0.1
100 silly currentTree +-- sockjs@0.3.18
100 silly currentTree | +-- faye-websocket@0.10.0
100 silly currentTree | `-- uuid@2.0.3
100 silly currentTree +-- sort-keys@1.1.2
100 silly currentTree +-- source-list-map@0.1.8
100 silly currentTree +-- source-map-support@0.4.16
100 silly currentTree +-- source-map@0.5.6
100 silly currentTree +-- spdx-correct@1.0.2
100 silly currentTree +-- spdx-expression-parse@1.0.4
100 silly currentTree +-- spdx-license-ids@1.2.2
100 silly currentTree +-- sprintf-js@1.0.3
100 silly currentTree +-- sshpk@1.13.1
100 silly currentTree | `-- assert-plus@1.0.0
100 silly currentTree +-- statuses@1.3.1
100 silly currentTree +-- stream-browserify@2.0.1
100 silly currentTree +-- stream-cache@0.0.2
100 silly currentTree +-- stream-http@2.7.2
100 silly currentTree +-- strict-uri-encode@1.1.0
100 silly currentTree +-- string_decoder@1.0.3
100 silly currentTree +-- string-width@1.0.2
100 silly currentTree +-- stringstream@0.0.5
100 silly currentTree +-- strip-ansi@3.0.1
100 silly currentTree +-- strip-bom@2.0.0
100 silly currentTree +-- strip-json-comments@2.0.1
100 silly currentTree +-- style-loader@0.13.1
100 silly currentTree +-- supports-color@3.2.3
100 silly currentTree +-- svgo@0.7.2
100 silly currentTree +-- symbol-tree@3.2.2
100 silly currentTree +-- table@3.8.3
100 silly currentTree | +-- ansi-regex@3.0.0
100 silly currentTree | +-- is-fullwidth-code-point@2.0.0
100 silly currentTree | +-- string-width@2.1.1
100 silly currentTree | `-- strip-ansi@4.0.0
100 silly currentTree +-- tapable@0.1.10
100 silly currentTree +-- test-exclude@3.3.0
100 silly currentTree +-- text-table@0.2.0
100 silly currentTree +-- throat@3.2.0
100 silly currentTree +-- through@2.3.8
100 silly currentTree +-- time-stamp@2.0.0
100 silly currentTree +-- timers-browserify@2.0.4
100 silly currentTree +-- tmpl@1.0.4
100 silly currentTree +-- to-arraybuffer@1.0.1
100 silly currentTree +-- to-fast-properties@1.0.3
100 silly currentTree +-- toposort@1.0.3
100 silly currentTree +-- tough-cookie@2.3.2
100 silly currentTree +-- tr46@0.0.3
100 silly currentTree +-- trim-right@1.0.1
100 silly currentTree +-- tryit@1.0.3
100 silly currentTree +-- tty-browserify@0.0.0
100 silly currentTree +-- tunnel-agent@0.6.0
100 silly currentTree +-- tweetnacl@0.14.5
100 silly currentTree +-- type-check@0.3.2
100 silly currentTree +-- type-is@1.6.15
100 silly currentTree +-- typedarray@0.0.6
100 silly currentTree +-- ua-parser-js@0.7.14
100 silly currentTree +-- uglify-js@3.0.27
100 silly currentTree +-- uglify-to-browserify@1.0.2
100 silly currentTree +-- uniq@1.0.1
100 silly currentTree +-- uniqid@4.1.1
100 silly currentTree +-- uniqs@2.0.0
100 silly currentTree +-- unpipe@1.0.0
100 silly currentTree +-- upper-case@1.1.3
100 silly currentTree +-- url-loader@0.5.7
100 silly currentTree +-- url-parse@1.1.9
100 silly currentTree | `-- querystringify@1.0.0
100 silly currentTree +-- url@0.11.0
100 silly currentTree | `-- punycode@1.3.2
100 silly currentTree +-- user-home@2.0.0
100 silly currentTree +-- util-deprecate@1.0.2
100 silly currentTree +-- util@0.10.3
100 silly currentTree | `-- inherits@2.0.1
100 silly currentTree +-- utila@0.4.0
100 silly currentTree +-- utils-merge@1.0.0
100 silly currentTree +-- uuid@3.1.0
100 silly currentTree +-- validate-npm-package-license@3.0.1
100 silly currentTree +-- value-equal@0.4.0
100 silly currentTree +-- vary@1.1.1
100 silly currentTree +-- vendors@1.0.1
100 silly currentTree +-- verror@1.10.0
100 silly currentTree | `-- assert-plus@1.0.0
100 silly currentTree +-- vm-browserify@0.0.4
100 silly currentTree +-- walker@1.0.7
100 silly currentTree +-- warning@3.0.0
100 silly currentTree +-- watch@0.10.0
100 silly currentTree +-- watchpack@0.2.9
100 silly currentTree | `-- async@0.9.2
100 silly currentTree +-- webidl-conversions@4.0.2
100 silly currentTree +-- webpack-core@0.6.9
100 silly currentTree | `-- source-map@0.4.4
100 silly currentTree +-- webpack-dev-middleware@1.12.0
100 silly currentTree | +-- memory-fs@0.4.1
100 silly currentTree | `-- mime@1.3.6
100 silly currentTree +-- webpack-dev-server@1.16.2
100 silly currentTree | +-- faye-websocket@0.11.1
100 silly currentTree | `-- sockjs-client@1.1.4
100 silly currentTree +-- webpack-manifest-plugin@1.1.0
100 silly currentTree +-- webpack-sources@0.1.5
100 silly currentTree +-- webpack@1.14.0
100 silly currentTree | +-- acorn@3.3.0
100 silly currentTree | +-- interpret@0.6.6
100 silly currentTree | +-- uglify-js@2.7.5
100 silly currentTree | | `-- async@0.2.10
100 silly currentTree | `-- yargs@3.10.0
100 silly currentTree +-- websocket-driver@0.6.5
100 silly currentTree +-- websocket-extensions@0.1.1
100 silly currentTree +-- whatwg-encoding@1.0.1
100 silly currentTree | `-- iconv-lite@0.4.13
100 silly currentTree +-- whatwg-fetch@2.0.3
100 silly currentTree +-- whatwg-url@4.8.0
100 silly currentTree | `-- webidl-conversions@3.0.1
100 silly currentTree +-- whet.extend@0.9.9
100 silly currentTree +-- which-module@1.0.0
100 silly currentTree +-- which@1.3.0
100 silly currentTree +-- window-size@0.1.0
100 silly currentTree +-- wordwrap@1.0.0
100 silly currentTree +-- worker-farm@1.5.0
100 silly currentTree +-- wrap-ansi@2.1.0
100 silly currentTree +-- wrappy@1.0.2
100 silly currentTree +-- write@0.2.1
100 silly currentTree +-- xml-char-classes@1.0.0
100 silly currentTree +-- xml-name-validator@2.0.1
100 silly currentTree +-- xtend@4.0.1
100 silly currentTree +-- y18n@3.2.1
100 silly currentTree +-- yallist@2.1.2
100 silly currentTree +-- yargs-parser@4.2.1
100 silly currentTree | `-- camelcase@3.0.0
100 silly currentTree `-- yargs@6.6.0
100 silly currentTree   +-- camelcase@3.0.0
100 silly currentTree   `-- cliui@3.2.0
101 silly idealTree BookReadsProject
101 silly idealTree +-- abab@1.0.3
101 silly idealTree +-- accepts@1.3.3
101 silly idealTree +-- acorn-globals@3.1.0
101 silly idealTree | `-- acorn@4.0.13
101 silly idealTree +-- acorn-jsx@3.0.1
101 silly idealTree | `-- acorn@3.3.0
101 silly idealTree +-- acorn@5.1.1
101 silly idealTree +-- ajv-keywords@1.5.1
101 silly idealTree +-- ajv@4.11.8
101 silly idealTree +-- align-text@0.1.4
101 silly idealTree +-- alphanum-sort@1.0.2
101 silly idealTree +-- amdefine@1.0.1
101 silly idealTree +-- ansi-escapes@1.4.0
101 silly idealTree +-- ansi-html@0.0.5
101 silly idealTree +-- ansi-regex@2.1.1
101 silly idealTree +-- ansi-styles@2.2.1
101 silly idealTree +-- ansicolors@0.2.1
101 silly idealTree +-- anymatch@1.3.2
101 silly idealTree +-- append-transform@0.4.0
101 silly idealTree +-- argparse@1.0.9
101 silly idealTree +-- aria-query@0.3.0
101 silly idealTree +-- arr-diff@2.0.0
101 silly idealTree +-- arr-flatten@1.1.0
101 silly idealTree +-- array-equal@1.0.0
101 silly idealTree +-- array-flatten@1.1.1
101 silly idealTree +-- array-union@1.0.2
101 silly idealTree +-- array-uniq@1.0.3
101 silly idealTree +-- array-unique@0.2.1
101 silly idealTree +-- arrify@1.0.1
101 silly idealTree +-- asap@2.0.6
101 silly idealTree +-- asn1@0.2.3
101 silly idealTree +-- assert-plus@0.2.0
101 silly idealTree +-- assert@1.4.1
101 silly idealTree +-- ast-types-flow@0.0.7
101 silly idealTree +-- async-each@1.0.1
101 silly idealTree +-- async@1.5.2
101 silly idealTree +-- asynckit@0.4.0
101 silly idealTree +-- autoprefixer@6.7.2
101 silly idealTree +-- aws-sign2@0.6.0
101 silly idealTree +-- aws4@1.6.0
101 silly idealTree +-- babel-code-frame@6.26.0
101 silly idealTree +-- babel-core@6.22.1
101 silly idealTree +-- babel-eslint@7.1.1
101 silly idealTree +-- babel-generator@6.26.0
101 silly idealTree +-- babel-helper-builder-binary-assignment-operator-visitor@6.24.1
101 silly idealTree +-- babel-helper-builder-react-jsx@6.26.0
101 silly idealTree +-- babel-helper-call-delegate@6.24.1
101 silly idealTree +-- babel-helper-define-map@6.26.0
101 silly idealTree +-- babel-helper-explode-assignable-expression@6.24.1
101 silly idealTree +-- babel-helper-function-name@6.24.1
101 silly idealTree +-- babel-helper-get-function-arity@6.24.1
101 silly idealTree +-- babel-helper-hoist-variables@6.24.1
101 silly idealTree +-- babel-helper-optimise-call-expression@6.24.1
101 silly idealTree +-- babel-helper-regex@6.26.0
101 silly idealTree +-- babel-helper-remap-async-to-generator@6.24.1
101 silly idealTree +-- babel-helper-replace-supers@6.24.1
101 silly idealTree +-- babel-helpers@6.24.1
101 silly idealTree +-- babel-jest@18.0.0
101 silly idealTree +-- babel-loader@6.2.10
101 silly idealTree +-- babel-messages@6.23.0
101 silly idealTree +-- babel-plugin-check-es2015-constants@6.22.0
101 silly idealTree +-- babel-plugin-istanbul@3.1.2
101 silly idealTree +-- babel-plugin-jest-hoist@18.0.0
101 silly idealTree +-- babel-plugin-syntax-async-functions@6.13.0
101 silly idealTree +-- babel-plugin-syntax-class-properties@6.13.0
101 silly idealTree +-- babel-plugin-syntax-exponentiation-operator@6.13.0
101 silly idealTree +-- babel-plugin-syntax-flow@6.18.0
101 silly idealTree +-- babel-plugin-syntax-jsx@6.18.0
101 silly idealTree +-- babel-plugin-syntax-object-rest-spread@6.13.0
101 silly idealTree +-- babel-plugin-syntax-trailing-function-commas@6.22.0
101 silly idealTree +-- babel-plugin-transform-async-to-generator@6.24.1
101 silly idealTree +-- babel-plugin-transform-class-properties@6.22.0
101 silly idealTree +-- babel-plugin-transform-es2015-arrow-functions@6.22.0
101 silly idealTree +-- babel-plugin-transform-es2015-block-scoped-functions@6.22.0
101 silly idealTree +-- babel-plugin-transform-es2015-block-scoping@6.26.0
101 silly idealTree +-- babel-plugin-transform-es2015-classes@6.24.1
101 silly idealTree +-- babel-plugin-transform-es2015-computed-properties@6.24.1
101 silly idealTree +-- babel-plugin-transform-es2015-destructuring@6.23.0
101 silly idealTree +-- babel-plugin-transform-es2015-duplicate-keys@6.24.1
101 silly idealTree +-- babel-plugin-transform-es2015-for-of@6.23.0
101 silly idealTree +-- babel-plugin-transform-es2015-function-name@6.24.1
101 silly idealTree +-- babel-plugin-transform-es2015-literals@6.22.0
101 silly idealTree +-- babel-plugin-transform-es2015-modules-amd@6.24.1
101 silly idealTree +-- babel-plugin-transform-es2015-modules-commonjs@6.26.0
101 silly idealTree +-- babel-plugin-transform-es2015-modules-systemjs@6.24.1
101 silly idealTree +-- babel-plugin-transform-es2015-modules-umd@6.24.1
101 silly idealTree +-- babel-plugin-transform-es2015-object-super@6.24.1
101 silly idealTree +-- babel-plugin-transform-es2015-parameters@6.24.1
101 silly idealTree +-- babel-plugin-transform-es2015-shorthand-properties@6.24.1
101 silly idealTree +-- babel-plugin-transform-es2015-spread@6.22.0
101 silly idealTree +-- babel-plugin-transform-es2015-sticky-regex@6.24.1
101 silly idealTree +-- babel-plugin-transform-es2015-template-literals@6.22.0
101 silly idealTree +-- babel-plugin-transform-es2015-typeof-symbol@6.23.0
101 silly idealTree +-- babel-plugin-transform-es2015-unicode-regex@6.24.1
101 silly idealTree +-- babel-plugin-transform-exponentiation-operator@6.24.1
101 silly idealTree +-- babel-plugin-transform-flow-strip-types@6.22.0
101 silly idealTree +-- babel-plugin-transform-object-rest-spread@6.22.0
101 silly idealTree +-- babel-plugin-transform-react-constant-elements@6.22.0
101 silly idealTree +-- babel-plugin-transform-react-display-name@6.25.0
101 silly idealTree +-- babel-plugin-transform-react-jsx-self@6.22.0
101 silly idealTree +-- babel-plugin-transform-react-jsx-source@6.22.0
101 silly idealTree +-- babel-plugin-transform-react-jsx@6.22.0
101 silly idealTree +-- babel-plugin-transform-regenerator@6.22.0
101 silly idealTree +-- babel-plugin-transform-runtime@6.22.0
101 silly idealTree +-- babel-plugin-transform-strict-mode@6.24.1
101 silly idealTree +-- babel-preset-env@1.2.1
101 silly idealTree +-- babel-preset-jest@18.0.0
101 silly idealTree +-- babel-preset-react-app@2.2.0
101 silly idealTree | +-- babel-runtime@6.22.0
101 silly idealTree | +-- core-js@2.5.0
101 silly idealTree | `-- regenerator-runtime@0.10.5
101 silly idealTree +-- babel-preset-react@6.22.0
101 silly idealTree +-- babel-register@6.26.0
101 silly idealTree | +-- babel-core@6.26.0
101 silly idealTree | `-- core-js@2.5.0
101 silly idealTree +-- babel-runtime@6.26.0
101 silly idealTree | `-- core-js@2.5.0
101 silly idealTree +-- babel-template@6.26.0
101 silly idealTree +-- babel-traverse@6.26.0
101 silly idealTree +-- babel-types@6.26.0
101 silly idealTree +-- babylon@6.18.0
101 silly idealTree +-- balanced-match@1.0.0
101 silly idealTree +-- base64-js@1.2.1
101 silly idealTree +-- batch@0.6.1
101 silly idealTree +-- bcrypt-pbkdf@1.0.1
101 silly idealTree +-- big.js@3.1.3
101 silly idealTree +-- binary-extensions@1.10.0
101 silly idealTree +-- bluebird@3.5.0
101 silly idealTree +-- boolbase@1.0.0
101 silly idealTree +-- boom@2.10.1
101 silly idealTree +-- brace-expansion@1.1.8
101 silly idealTree +-- braces@1.8.5
101 silly idealTree +-- browser-resolve@1.11.2
101 silly idealTree | `-- resolve@1.1.7
101 silly idealTree +-- browserify-aes@0.4.0
101 silly idealTree +-- browserify-zlib@0.1.4
101 silly idealTree +-- browserslist@1.7.7
101 silly idealTree +-- bser@1.0.2
101 silly idealTree +-- buffer@4.9.1
101 silly idealTree +-- builtin-modules@1.1.1
101 silly idealTree +-- builtin-status-codes@3.0.0
101 silly idealTree +-- bytes@2.5.0
101 silly idealTree +-- caller-path@0.1.0
101 silly idealTree +-- callsites@0.2.0
101 silly idealTree +-- camel-case@3.0.0
101 silly idealTree +-- camelcase@1.2.1
101 silly idealTree +-- caniuse-api@1.6.1
101 silly idealTree +-- caniuse-db@1.0.30000715
101 silly idealTree +-- cardinal@1.0.0
101 silly idealTree +-- case-sensitive-paths-webpack-plugin@1.1.4
101 silly idealTree +-- caseless@0.12.0
101 silly idealTree +-- center-align@0.1.3
101 silly idealTree +-- chalk@1.1.3
101 silly idealTree | `-- supports-color@2.0.0
101 silly idealTree +-- chokidar@1.7.0
101 silly idealTree +-- ci-info@1.0.0
101 silly idealTree +-- circular-json@0.3.3
101 silly idealTree +-- clap@1.2.0
101 silly idealTree +-- clean-css@4.1.7
101 silly idealTree +-- cli-cursor@1.0.2
101 silly idealTree +-- cli-table@0.3.1
101 silly idealTree | `-- colors@1.0.3
101 silly idealTree +-- cli-usage@0.1.4
101 silly idealTree +-- cli-width@2.1.0
101 silly idealTree +-- cliui@2.1.0
101 silly idealTree | `-- wordwrap@0.0.2
101 silly idealTree +-- clone@1.0.2
101 silly idealTree +-- co@4.6.0
101 silly idealTree +-- coa@1.0.4
101 silly idealTree +-- code-point-at@1.1.0
101 silly idealTree +-- color-convert@1.9.0
101 silly idealTree +-- color-name@1.1.3
101 silly idealTree +-- color-string@0.3.0
101 silly idealTree +-- color@0.11.4
101 silly idealTree +-- colormin@1.1.2
101 silly idealTree +-- colors@1.1.2
101 silly idealTree +-- combined-stream@1.0.5
101 silly idealTree +-- commander@2.11.0
101 silly idealTree +-- commondir@1.0.1
101 silly idealTree +-- compressible@2.0.11
101 silly idealTree +-- compression@1.7.0
101 silly idealTree +-- concat-map@0.0.1
101 silly idealTree +-- concat-stream@1.6.0
101 silly idealTree +-- connect-history-api-fallback@1.3.0
101 silly idealTree +-- console-browserify@1.1.0
101 silly idealTree +-- constants-browserify@1.0.0
101 silly idealTree +-- contains-path@0.1.0
101 silly idealTree +-- content-disposition@0.5.2
101 silly idealTree +-- content-type-parser@1.0.1
101 silly idealTree +-- content-type@1.0.2
101 silly idealTree +-- convert-source-map@1.5.0
101 silly idealTree +-- cookie-signature@1.0.6
101 silly idealTree +-- cookie@0.3.1
101 silly idealTree +-- core-js@1.2.7
101 silly idealTree +-- core-util-is@1.0.2
101 silly idealTree +-- cosmiconfig@2.2.2
101 silly idealTree | `-- minimist@1.2.0
101 silly idealTree +-- create-react-class@15.6.0
101 silly idealTree +-- cross-spawn@4.0.2
101 silly idealTree +-- cryptiles@2.0.5
101 silly idealTree +-- crypto-browserify@3.3.0
101 silly idealTree +-- css-color-names@0.0.4
101 silly idealTree +-- css-loader@0.26.1
101 silly idealTree +-- css-select@1.2.0
101 silly idealTree +-- css-selector-tokenizer@0.7.0
101 silly idealTree | `-- regexpu-core@1.0.0
101 silly idealTree +-- css-what@2.1.0
101 silly idealTree +-- cssesc@0.1.0
101 silly idealTree +-- cssnano@3.10.0
101 silly idealTree +-- csso@2.3.2
101 silly idealTree +-- cssom@0.3.2
101 silly idealTree +-- cssstyle@0.2.37
101 silly idealTree +-- d@1.0.0
101 silly idealTree +-- damerau-levenshtein@1.0.4
101 silly idealTree +-- dashdash@1.14.1
101 silly idealTree | `-- assert-plus@1.0.0
101 silly idealTree +-- date-now@0.1.4
101 silly idealTree +-- debug@2.6.8
101 silly idealTree +-- decamelize@1.2.0
101 silly idealTree +-- deep-is@0.1.3
101 silly idealTree +-- default-require-extensions@1.0.0
101 silly idealTree +-- defined@1.0.0
101 silly idealTree +-- del@2.2.2
101 silly idealTree +-- delayed-stream@1.0.0
101 silly idealTree +-- depd@1.1.1
101 silly idealTree +-- destroy@1.0.4
101 silly idealTree +-- detect-indent@4.0.0
101 silly idealTree +-- detect-port@1.1.0
101 silly idealTree +-- diff@3.3.0
101 silly idealTree +-- doctrine@1.5.0
101 silly idealTree +-- dom-converter@0.1.4
101 silly idealTree | `-- utila@0.3.3
101 silly idealTree +-- dom-serializer@0.1.0
101 silly idealTree | `-- domelementtype@1.1.3
101 silly idealTree +-- domain-browser@1.1.7
101 silly idealTree +-- domelementtype@1.3.0
101 silly idealTree +-- domhandler@2.1.0
101 silly idealTree +-- domutils@1.5.1
101 silly idealTree +-- dotenv@2.0.0
101 silly idealTree +-- duplexer@0.1.1
101 silly idealTree +-- ecc-jsbn@0.1.1
101 silly idealTree +-- ee-first@1.1.1
101 silly idealTree +-- electron-to-chromium@1.3.18
101 silly idealTree +-- emoji-regex@6.5.1
101 silly idealTree +-- emojis-list@2.1.0
101 silly idealTree +-- encodeurl@1.0.1
101 silly idealTree +-- encoding@0.1.12
101 silly idealTree +-- enhanced-resolve@0.9.1
101 silly idealTree | `-- memory-fs@0.2.0
101 silly idealTree +-- entities@1.1.1
101 silly idealTree +-- errno@0.1.4
101 silly idealTree +-- error-ex@1.3.1
101 silly idealTree +-- es5-ext@0.10.27
101 silly idealTree +-- es6-iterator@2.0.1
101 silly idealTree +-- es6-map@0.1.5
101 silly idealTree +-- es6-set@0.1.5
101 silly idealTree +-- es6-symbol@3.1.1
101 silly idealTree +-- es6-weak-map@2.0.2
101 silly idealTree +-- escape-html@1.0.3
101 silly idealTree +-- escape-string-regexp@1.0.5
101 silly idealTree +-- escodegen@1.8.1
101 silly idealTree | +-- estraverse@1.9.3
101 silly idealTree | `-- source-map@0.2.0
101 silly idealTree +-- escope@3.6.0
101 silly idealTree +-- eslint-config-react-app@0.6.2
101 silly idealTree +-- eslint-import-resolver-node@0.2.3
101 silly idealTree +-- eslint-loader@1.6.0
101 silly idealTree +-- eslint-module-utils@1.0.0
101 silly idealTree | +-- debug@2.2.0
101 silly idealTree | `-- ms@0.7.1
101 silly idealTree +-- eslint-plugin-flowtype@2.21.0
101 silly idealTree +-- eslint-plugin-import@2.0.1
101 silly idealTree | `-- doctrine@1.3.0
101 silly idealTree +-- eslint-plugin-jsx-a11y@4.0.0
101 silly idealTree +-- eslint-plugin-react@6.4.1
101 silly idealTree +-- eslint@3.16.1
101 silly idealTree | `-- strip-bom@3.0.0
101 silly idealTree +-- espree@3.5.0
101 silly idealTree +-- esprima@2.7.3
101 silly idealTree +-- esrecurse@4.2.0
101 silly idealTree +-- estraverse@4.2.0
101 silly idealTree +-- esutils@2.0.2
101 silly idealTree +-- etag@1.8.0
101 silly idealTree +-- event-emitter@0.3.5
101 silly idealTree +-- eventemitter3@1.2.0
101 silly idealTree +-- events@1.1.1
101 silly idealTree +-- eventsource@0.1.6
101 silly idealTree +-- exec-sh@0.2.0
101 silly idealTree +-- exit-hook@1.1.1
101 silly idealTree +-- expand-brackets@0.1.5
101 silly idealTree +-- expand-range@1.8.2
101 silly idealTree +-- express@4.15.4
101 silly idealTree | `-- qs@6.5.0
101 silly idealTree +-- extend@3.0.1
101 silly idealTree +-- extglob@0.3.2
101 silly idealTree +-- extract-text-webpack-plugin@1.0.1
101 silly idealTree +-- extsprintf@1.3.0
101 silly idealTree +-- fast-levenshtein@2.0.6
101 silly idealTree +-- fastparse@1.1.1
101 silly idealTree +-- faye-websocket@0.7.3
101 silly idealTree +-- fb-watchman@1.9.2
101 silly idealTree +-- fbjs@0.8.14
101 silly idealTree +-- figures@1.7.0
101 silly idealTree +-- file-entry-cache@2.0.0
101 silly idealTree +-- file-loader@0.10.0
101 silly idealTree +-- filename-regex@2.0.1
101 silly idealTree +-- fileset@2.0.3
101 silly idealTree +-- filesize@3.3.0
101 silly idealTree +-- fill-range@2.2.3
101 silly idealTree +-- finalhandler@1.0.4
101 silly idealTree +-- find-cache-dir@0.1.1
101 silly idealTree +-- find-up@1.1.2
101 silly idealTree +-- flat-cache@1.2.2
101 silly idealTree +-- flatten@1.0.2
101 silly idealTree +-- for-in@1.0.2
101 silly idealTree +-- for-own@0.1.5
101 silly idealTree +-- forever-agent@0.6.1
101 silly idealTree +-- form-data@2.1.4
101 silly idealTree +-- forwarded@0.1.0
101 silly idealTree +-- fresh@0.5.0
101 silly idealTree +-- fs-extra@0.30.0
101 silly idealTree +-- fs.realpath@1.0.0
101 silly idealTree +-- function-bind@1.1.0
101 silly idealTree +-- generate-function@2.0.0
101 silly idealTree +-- generate-object-property@1.2.0
101 silly idealTree +-- get-caller-file@1.0.2
101 silly idealTree +-- getpass@0.1.7
101 silly idealTree | `-- assert-plus@1.0.0
101 silly idealTree +-- glob-base@0.3.0
101 silly idealTree +-- glob-parent@2.0.0
101 silly idealTree +-- glob@7.1.2
101 silly idealTree +-- globals@9.18.0
101 silly idealTree +-- globby@5.0.0
101 silly idealTree +-- graceful-fs@4.1.11
101 silly idealTree +-- growly@1.3.0
101 silly idealTree +-- gzip-size@3.0.0
101 silly idealTree +-- handlebars@4.0.10
101 silly idealTree | +-- source-map@0.4.4
101 silly idealTree | +-- uglify-js@2.8.29
101 silly idealTree | | `-- source-map@0.5.6
101 silly idealTree | `-- yargs@3.10.0
101 silly idealTree +-- har-schema@1.0.5
101 silly idealTree +-- har-validator@4.2.1
101 silly idealTree +-- has-ansi@2.0.0
101 silly idealTree +-- has-flag@1.0.0
101 silly idealTree +-- has@1.0.1
101 silly idealTree +-- hawk@3.1.3
101 silly idealTree +-- he@1.1.1
101 silly idealTree +-- history@4.7.2
101 silly idealTree +-- hoek@2.16.3
101 silly idealTree +-- hoist-non-react-statics@1.2.0
101 silly idealTree +-- home-or-tmp@2.0.0
101 silly idealTree +-- hosted-git-info@2.5.0
101 silly idealTree +-- html-comment-regex@1.1.1
101 silly idealTree +-- html-encoding-sniffer@1.0.1
101 silly idealTree +-- html-entities@1.2.0
101 silly idealTree +-- html-minifier@3.5.3
101 silly idealTree +-- html-webpack-plugin@2.24.0
101 silly idealTree +-- htmlparser2@3.3.0
101 silly idealTree | +-- domutils@1.1.6
101 silly idealTree | +-- isarray@0.0.1
101 silly idealTree | +-- readable-stream@1.0.34
101 silly idealTree | `-- string_decoder@0.10.31
101 silly idealTree +-- http-errors@1.6.2
101 silly idealTree +-- http-proxy-middleware@0.17.3
101 silly idealTree | +-- is-extglob@2.1.1
101 silly idealTree | `-- is-glob@3.1.0
101 silly idealTree +-- http-proxy@1.16.2
101 silly idealTree +-- http-signature@1.1.1
101 silly idealTree +-- https-browserify@0.0.1
101 silly idealTree +-- iconv-lite@0.4.18
101 silly idealTree +-- icss-replace-symbols@1.1.0
101 silly idealTree +-- ieee754@1.1.8
101 silly idealTree +-- ignore@3.3.3
101 silly idealTree +-- imurmurhash@0.1.4
101 silly idealTree +-- indexes-of@1.0.1
101 silly idealTree +-- indexof@0.0.1
101 silly idealTree +-- inflight@1.0.6
101 silly idealTree +-- inherits@2.0.3
101 silly idealTree +-- inquirer@0.12.0
101 silly idealTree +-- interpret@1.0.3
101 silly idealTree +-- invariant@2.2.2
101 silly idealTree +-- invert-kv@1.0.0
101 silly idealTree +-- ipaddr.js@1.4.0
101 silly idealTree +-- is-absolute-url@2.1.0
101 silly idealTree +-- is-arrayish@0.2.1
101 silly idealTree +-- is-binary-path@1.0.1
101 silly idealTree +-- is-buffer@1.1.5
101 silly idealTree +-- is-builtin-module@1.0.0
101 silly idealTree +-- is-ci@1.0.10
101 silly idealTree +-- is-directory@0.3.1
101 silly idealTree +-- is-dotfile@1.0.3
101 silly idealTree +-- is-equal-shallow@0.1.3
101 silly idealTree +-- is-extendable@0.1.1
101 silly idealTree +-- is-extglob@1.0.0
101 silly idealTree +-- is-finite@1.0.2
101 silly idealTree +-- is-fullwidth-code-point@1.0.0
101 silly idealTree +-- is-glob@2.0.1
101 silly idealTree +-- is-my-json-valid@2.16.0
101 silly idealTree +-- is-number@2.1.0
101 silly idealTree +-- is-path-cwd@1.0.0
101 silly idealTree +-- is-path-in-cwd@1.0.0
101 silly idealTree +-- is-path-inside@1.0.0
101 silly idealTree +-- is-plain-obj@1.1.0
101 silly idealTree +-- is-posix-bracket@0.1.1
101 silly idealTree +-- is-primitive@2.0.0
101 silly idealTree +-- is-property@1.0.2
101 silly idealTree +-- is-resolvable@1.0.0
101 silly idealTree +-- is-stream@1.1.0
101 silly idealTree +-- is-svg@2.1.0
101 silly idealTree +-- is-typedarray@1.0.0
101 silly idealTree +-- is-utf8@0.2.1
101 silly idealTree +-- isarray@1.0.0
101 silly idealTree +-- isexe@2.0.0
101 silly idealTree +-- isobject@2.1.0
101 silly idealTree +-- isomorphic-fetch@2.2.1
101 silly idealTree +-- isstream@0.1.2
101 silly idealTree +-- istanbul-api@1.1.11
101 silly idealTree | `-- async@2.5.0
101 silly idealTree +-- istanbul-lib-coverage@1.1.1
101 silly idealTree +-- istanbul-lib-hook@1.0.7
101 silly idealTree +-- istanbul-lib-instrument@1.7.4
101 silly idealTree +-- istanbul-lib-report@1.1.1
101 silly idealTree +-- istanbul-lib-source-maps@1.2.1
101 silly idealTree +-- istanbul-reports@1.1.1
101 silly idealTree +-- jest-changed-files@17.0.2
101 silly idealTree +-- jest-config@18.1.0
101 silly idealTree +-- jest-diff@18.1.0
101 silly idealTree +-- jest-environment-jsdom@18.1.0
101 silly idealTree +-- jest-environment-node@18.1.0
101 silly idealTree +-- jest-file-exists@17.0.0
101 silly idealTree +-- jest-haste-map@18.1.0
101 silly idealTree +-- jest-jasmine2@18.1.0
101 silly idealTree +-- jest-matcher-utils@18.1.0
101 silly idealTree +-- jest-matchers@18.1.0
101 silly idealTree +-- jest-mock@18.0.0
101 silly idealTree +-- jest-resolve-dependencies@18.1.0
101 silly idealTree +-- jest-resolve@18.1.0
101 silly idealTree +-- jest-runtime@18.1.0
101 silly idealTree +-- jest-snapshot@18.1.0
101 silly idealTree +-- jest-util@18.1.0
101 silly idealTree +-- jest@18.1.0
101 silly idealTree | +-- callsites@2.0.0
101 silly idealTree | `-- jest-cli@18.1.0
101 silly idealTree +-- js-base64@2.1.9
101 silly idealTree +-- js-tokens@3.0.2
101 silly idealTree +-- js-yaml@3.7.0
101 silly idealTree +-- jsbn@0.1.1
101 silly idealTree +-- jsdom@9.12.0
101 silly idealTree | `-- acorn@4.0.13
101 silly idealTree +-- jsesc@1.3.0
101 silly idealTree +-- json-loader@0.5.4
101 silly idealTree +-- json-schema@0.2.3
101 silly idealTree +-- json-stable-stringify@1.0.1
101 silly idealTree +-- json-stringify-safe@5.0.1
101 silly idealTree +-- json3@3.3.2
101 silly idealTree +-- json5@0.5.1
101 silly idealTree +-- jsonfile@2.4.0
101 silly idealTree +-- jsonify@0.0.0
101 silly idealTree +-- jsonpointer@4.0.1
101 silly idealTree +-- jsprim@1.4.1
101 silly idealTree | `-- assert-plus@1.0.0
101 silly idealTree +-- jsx-ast-utils@1.4.1
101 silly idealTree +-- kind-of@3.2.2
101 silly idealTree +-- klaw@1.3.1
101 silly idealTree +-- lazy-cache@1.0.4
101 silly idealTree +-- lcid@1.0.0
101 silly idealTree +-- levn@0.3.0
101 silly idealTree +-- load-json-file@1.1.0
101 silly idealTree +-- loader-utils@0.2.17
101 silly idealTree +-- lodash._arraycopy@3.0.0
101 silly idealTree +-- lodash._arrayeach@3.0.0
101 silly idealTree +-- lodash._baseassign@3.2.0
101 silly idealTree +-- lodash._baseclone@3.3.0
101 silly idealTree +-- lodash._basecopy@3.0.1
101 silly idealTree +-- lodash._basefor@3.0.3
101 silly idealTree +-- lodash._bindcallback@3.0.1
101 silly idealTree +-- lodash._getnative@3.9.1
101 silly idealTree +-- lodash.assign@4.2.0
101 silly idealTree +-- lodash.camelcase@4.3.0
101 silly idealTree +-- lodash.clonedeep@3.0.2
101 silly idealTree +-- lodash.cond@4.5.2
101 silly idealTree +-- lodash.isarguments@3.1.0
101 silly idealTree +-- lodash.isarray@3.0.4
101 silly idealTree +-- lodash.keys@3.1.2
101 silly idealTree +-- lodash.memoize@4.1.2
101 silly idealTree +-- lodash.pickby@4.6.0
101 silly idealTree +-- lodash.toarray@4.4.0
101 silly idealTree +-- lodash.uniq@4.5.0
101 silly idealTree +-- lodash@4.17.4
101 silly idealTree +-- longest@1.0.1
101 silly idealTree +-- loose-envify@1.3.1
101 silly idealTree +-- lower-case@1.1.4
101 silly idealTree +-- lru-cache@4.1.1
101 silly idealTree +-- macaddress@0.2.8
101 silly idealTree +-- makeerror@1.0.11
101 silly idealTree +-- marked-terminal@1.7.0
101 silly idealTree +-- marked@0.3.6
101 silly idealTree +-- math-expression-evaluator@1.2.17
101 silly idealTree +-- media-typer@0.3.0
101 silly idealTree +-- memory-fs@0.3.0
101 silly idealTree +-- merge-descriptors@1.0.1
101 silly idealTree +-- merge@1.2.0
101 silly idealTree +-- methods@1.1.2
101 silly idealTree +-- micromatch@2.3.11
101 silly idealTree +-- mime-db@1.29.0
101 silly idealTree +-- mime-types@2.1.16
101 silly idealTree +-- mime@1.2.11
101 silly idealTree +-- minimatch@3.0.4
101 silly idealTree +-- minimist@0.0.8
101 silly idealTree +-- mkdirp@0.5.1
101 silly idealTree +-- ms@2.0.0
101 silly idealTree +-- mute-stream@0.0.5
101 silly idealTree +-- natural-compare@1.4.0
101 silly idealTree +-- ncname@1.0.0
101 silly idealTree +-- negotiator@0.6.1
101 silly idealTree +-- no-case@2.3.1
101 silly idealTree +-- node-emoji@1.8.1
101 silly idealTree +-- node-fetch@1.7.2
101 silly idealTree +-- node-int64@0.4.0
101 silly idealTree +-- node-libs-browser@0.7.0
101 silly idealTree | `-- string_decoder@0.10.31
101 silly idealTree +-- node-notifier@4.6.1
101 silly idealTree | `-- minimist@1.2.0
101 silly idealTree +-- normalize-package-data@2.4.0
101 silly idealTree +-- normalize-path@2.1.1
101 silly idealTree +-- normalize-range@0.1.2
101 silly idealTree +-- normalize-url@1.9.1
101 silly idealTree +-- nth-check@1.0.1
101 silly idealTree +-- num2fraction@1.2.2
101 silly idealTree +-- number-is-nan@1.0.1
101 silly idealTree +-- nwmatcher@1.4.1
101 silly idealTree +-- oauth-sign@0.8.2
101 silly idealTree +-- object-assign@4.1.1
101 silly idealTree +-- object.omit@2.0.1
101 silly idealTree +-- on-finished@2.3.0
101 silly idealTree +-- on-headers@1.0.1
101 silly idealTree +-- once@1.4.0
101 silly idealTree +-- onetime@1.1.0
101 silly idealTree +-- open@0.0.5
101 silly idealTree +-- opn@4.0.2
101 silly idealTree +-- optimist@0.6.1
101 silly idealTree | `-- wordwrap@0.0.3
101 silly idealTree +-- optionator@0.8.2
101 silly idealTree +-- original@1.0.0
101 silly idealTree | `-- url-parse@1.0.5
101 silly idealTree +-- os-browserify@0.2.1
101 silly idealTree +-- os-homedir@1.0.2
101 silly idealTree +-- os-locale@1.4.0
101 silly idealTree +-- os-tmpdir@1.0.2
101 silly idealTree +-- pako@0.2.9
101 silly idealTree +-- param-case@2.1.1
101 silly idealTree +-- parse-glob@3.0.4
101 silly idealTree +-- parse-json@2.2.0
101 silly idealTree +-- parse5@1.5.1
101 silly idealTree +-- parseurl@1.3.1
101 silly idealTree +-- path-browserify@0.0.0
101 silly idealTree +-- path-exists@2.1.0
101 silly idealTree +-- path-is-absolute@1.0.1
101 silly idealTree +-- path-is-inside@1.0.2
101 silly idealTree +-- path-parse@1.0.5
101 silly idealTree +-- path-to-regexp@0.1.7
101 silly idealTree +-- path-type@1.1.0
101 silly idealTree +-- pbkdf2-compat@2.0.1
101 silly idealTree +-- performance-now@0.2.0
101 silly idealTree +-- pify@2.3.0
101 silly idealTree +-- pinkie-promise@2.0.1
101 silly idealTree +-- pinkie@2.0.4
101 silly idealTree +-- pkg-dir@1.0.0
101 silly idealTree +-- pkg-up@1.0.0
101 silly idealTree +-- pluralize@1.2.1
101 silly idealTree +-- postcss-calc@5.3.1
101 silly idealTree +-- postcss-colormin@2.2.2
101 silly idealTree +-- postcss-convert-values@2.6.1
101 silly idealTree +-- postcss-discard-comments@2.0.4
101 silly idealTree +-- postcss-discard-duplicates@2.1.0
101 silly idealTree +-- postcss-discard-empty@2.1.0
101 silly idealTree +-- postcss-discard-overridden@0.1.1
101 silly idealTree +-- postcss-discard-unused@2.2.3
101 silly idealTree +-- postcss-filter-plugins@2.0.2
101 silly idealTree +-- postcss-load-config@1.2.0
101 silly idealTree +-- postcss-load-options@1.2.0
101 silly idealTree +-- postcss-load-plugins@2.3.0
101 silly idealTree +-- postcss-loader@1.2.2
101 silly idealTree +-- postcss-merge-idents@2.1.7
101 silly idealTree +-- postcss-merge-longhand@2.0.2
101 silly idealTree +-- postcss-merge-rules@2.1.2
101 silly idealTree +-- postcss-message-helpers@2.0.0
101 silly idealTree +-- postcss-minify-font-values@1.0.5
101 silly idealTree +-- postcss-minify-gradients@1.0.5
101 silly idealTree +-- postcss-minify-params@1.2.2
101 silly idealTree +-- postcss-minify-selectors@2.1.1
101 silly idealTree +-- postcss-modules-extract-imports@1.1.0
101 silly idealTree | +-- ansi-styles@3.2.0
101 silly idealTree | +-- chalk@2.1.0
101 silly idealTree | +-- has-flag@2.0.0
101 silly idealTree | +-- postcss@6.0.9
101 silly idealTree | `-- supports-color@4.2.1
101 silly idealTree +-- postcss-modules-local-by-default@1.2.0
101 silly idealTree | +-- ansi-styles@3.2.0
101 silly idealTree | +-- chalk@2.1.0
101 silly idealTree | +-- has-flag@2.0.0
101 silly idealTree | +-- postcss@6.0.9
101 silly idealTree | `-- supports-color@4.2.1
101 silly idealTree +-- postcss-modules-scope@1.1.0
101 silly idealTree | +-- ansi-styles@3.2.0
101 silly idealTree | +-- chalk@2.1.0
101 silly idealTree | +-- has-flag@2.0.0
101 silly idealTree | +-- postcss@6.0.9
101 silly idealTree | `-- supports-color@4.2.1
101 silly idealTree +-- postcss-modules-values@1.3.0
101 silly idealTree | +-- ansi-styles@3.2.0
101 silly idealTree | +-- chalk@2.1.0
101 silly idealTree | +-- has-flag@2.0.0
101 silly idealTree | +-- postcss@6.0.9
101 silly idealTree | `-- supports-color@4.2.1
101 silly idealTree +-- postcss-normalize-charset@1.1.1
101 silly idealTree +-- postcss-normalize-url@3.0.8
101 silly idealTree +-- postcss-ordered-values@2.2.3
101 silly idealTree +-- postcss-reduce-idents@2.4.0
101 silly idealTree +-- postcss-reduce-initial@1.0.1
101 silly idealTree +-- postcss-reduce-transforms@1.0.4
101 silly idealTree +-- postcss-selector-parser@2.2.3
101 silly idealTree +-- postcss-svgo@2.1.6
101 silly idealTree +-- postcss-unique-selectors@2.0.2
101 silly idealTree +-- postcss-value-parser@3.3.0
101 silly idealTree +-- postcss-zindex@2.2.0
101 silly idealTree +-- postcss@5.2.17
101 silly idealTree +-- prelude-ls@1.1.2
101 silly idealTree +-- prepend-http@1.0.4
101 silly idealTree +-- preserve@0.2.0
101 silly idealTree +-- pretty-error@2.1.1
101 silly idealTree +-- pretty-format@18.1.0
101 silly idealTree +-- private@0.1.7
101 silly idealTree +-- process-nextick-args@1.0.7
101 silly idealTree +-- process@0.11.10
101 silly idealTree +-- progress@1.1.8
101 silly idealTree +-- promise@7.3.1
101 silly idealTree +-- prop-types@15.5.10
101 silly idealTree +-- proxy-addr@1.1.5
101 silly idealTree +-- prr@0.0.0
101 silly idealTree +-- pseudomap@1.0.2
101 silly idealTree +-- punycode@1.4.1
101 silly idealTree +-- q@1.5.0
101 silly idealTree +-- qs@6.4.0
101 silly idealTree +-- query-string@4.3.4
101 silly idealTree +-- querystring-es3@0.2.1
101 silly idealTree +-- querystring@0.2.0
101 silly idealTree +-- querystringify@0.0.4
101 silly idealTree +-- randomatic@1.1.7
101 silly idealTree | +-- is-number@3.0.0
101 silly idealTree | | `-- kind-of@3.2.2
101 silly idealTree | `-- kind-of@4.0.0
101 silly idealTree +-- range-parser@1.2.0
101 silly idealTree +-- react-dev-utils@0.5.2
101 silly idealTree +-- react-dom@15.6.1
101 silly idealTree +-- react-router-dom@4.2.2
101 silly idealTree | +-- hoist-non-react-statics@2.3.0
101 silly idealTree | +-- isarray@0.0.1
101 silly idealTree | +-- path-to-regexp@1.7.0
101 silly idealTree | `-- react-router@4.2.0
101 silly idealTree +-- react-router@4.1.2
101 silly idealTree | +-- isarray@0.0.1
101 silly idealTree | `-- path-to-regexp@1.7.0
101 silly idealTree +-- react-scripts@0.9.5
101 silly idealTree | +-- promise@7.1.1
101 silly idealTree | `-- whatwg-fetch@2.0.2
101 silly idealTree +-- react-sort-component@1.3.0
101 silly idealTree +-- react@15.6.1
101 silly idealTree +-- read-pkg-up@1.0.1
101 silly idealTree +-- read-pkg@1.1.0
101 silly idealTree +-- readable-stream@2.3.3
101 silly idealTree +-- readdirp@2.1.0
101 silly idealTree +-- readline2@1.0.1
101 silly idealTree +-- rechoir@0.6.2
101 silly idealTree +-- recursive-readdir@2.1.1
101 silly idealTree | `-- minimatch@3.0.3
101 silly idealTree +-- redeyed@1.0.1
101 silly idealTree | `-- esprima@3.0.0
101 silly idealTree +-- reduce-css-calc@1.3.0
101 silly idealTree | `-- balanced-match@0.4.2
101 silly idealTree +-- reduce-function-call@1.0.2
101 silly idealTree | `-- balanced-match@0.4.2
101 silly idealTree +-- regenerate@1.3.2
101 silly idealTree +-- regenerator-runtime@0.11.0
101 silly idealTree +-- regenerator-transform@0.9.8
101 silly idealTree +-- regex-cache@0.4.3
101 silly idealTree +-- regexpu-core@2.0.0
101 silly idealTree +-- regjsgen@0.2.0
101 silly idealTree +-- regjsparser@0.1.5
101 silly idealTree | `-- jsesc@0.5.0
101 silly idealTree +-- relateurl@0.2.7
101 silly idealTree +-- remove-trailing-separator@1.1.0
101 silly idealTree +-- renderkid@2.0.1
101 silly idealTree | `-- utila@0.3.3
101 silly idealTree +-- repeat-element@1.1.2
101 silly idealTree +-- repeat-string@1.6.1
101 silly idealTree +-- repeating@2.0.1
101 silly idealTree +-- request@2.81.0
101 silly idealTree +-- require-directory@2.1.1
101 silly idealTree +-- require-from-string@1.2.1
101 silly idealTree +-- require-main-filename@1.0.1
101 silly idealTree +-- require-uncached@1.0.3
101 silly idealTree +-- requires-port@1.0.0
101 silly idealTree +-- resolve-from@1.0.1
101 silly idealTree +-- resolve-pathname@2.2.0
101 silly idealTree +-- resolve@1.4.0
101 silly idealTree +-- restore-cursor@1.0.1
101 silly idealTree +-- right-align@0.1.3
101 silly idealTree +-- rimraf@2.6.1
101 silly idealTree +-- ripemd160@0.2.0
101 silly idealTree +-- run-async@0.1.0
101 silly idealTree +-- rx-lite@3.1.2
101 silly idealTree +-- safe-buffer@5.1.1
101 silly idealTree +-- sane@1.4.1
101 silly idealTree | `-- minimist@1.2.0
101 silly idealTree +-- sax@1.2.4
101 silly idealTree +-- semver@5.4.1
101 silly idealTree +-- send@0.15.4
101 silly idealTree | `-- mime@1.3.4
101 silly idealTree +-- serve-index@1.9.0
101 silly idealTree +-- serve-static@1.12.4
101 silly idealTree +-- set-blocking@2.0.0
101 silly idealTree +-- set-immediate-shim@1.0.1
101 silly idealTree +-- setimmediate@1.0.5
101 silly idealTree +-- setprototypeof@1.0.3
101 silly idealTree +-- sha.js@2.2.6
101 silly idealTree +-- shelljs@0.7.8
101 silly idealTree +-- shellwords@0.1.1
101 silly idealTree +-- slash@1.0.0
101 silly idealTree +-- slice-ansi@0.0.4
101 silly idealTree +-- sntp@1.0.9
101 silly idealTree +-- sockjs-client@1.0.1
101 silly idealTree +-- sockjs@0.3.18
101 silly idealTree | +-- faye-websocket@0.10.0
101 silly idealTree | `-- uuid@2.0.3
101 silly idealTree +-- sort-keys@1.1.2
101 silly idealTree +-- source-list-map@0.1.8
101 silly idealTree +-- source-map-support@0.4.16
101 silly idealTree +-- source-map@0.5.6
101 silly idealTree +-- spdx-correct@1.0.2
101 silly idealTree +-- spdx-expression-parse@1.0.4
101 silly idealTree +-- spdx-license-ids@1.2.2
101 silly idealTree +-- sprintf-js@1.0.3
101 silly idealTree +-- sshpk@1.13.1
101 silly idealTree | `-- assert-plus@1.0.0
101 silly idealTree +-- statuses@1.3.1
101 silly idealTree +-- stream-browserify@2.0.1
101 silly idealTree +-- stream-cache@0.0.2
101 silly idealTree +-- stream-http@2.7.2
101 silly idealTree +-- strict-uri-encode@1.1.0
101 silly idealTree +-- string_decoder@1.0.3
101 silly idealTree +-- string-width@1.0.2
101 silly idealTree +-- stringstream@0.0.5
101 silly idealTree +-- strip-ansi@3.0.1
101 silly idealTree +-- strip-bom@2.0.0
101 silly idealTree +-- strip-json-comments@2.0.1
101 silly idealTree +-- style-loader@0.13.1
101 silly idealTree +-- supports-color@3.2.3
101 silly idealTree +-- svgo@0.7.2
101 silly idealTree +-- symbol-tree@3.2.2
101 silly idealTree +-- table@3.8.3
101 silly idealTree | +-- ansi-regex@3.0.0
101 silly idealTree | +-- is-fullwidth-code-point@2.0.0
101 silly idealTree | +-- string-width@2.1.1
101 silly idealTree | `-- strip-ansi@4.0.0
101 silly idealTree +-- tapable@0.1.10
101 silly idealTree +-- test-exclude@3.3.0
101 silly idealTree +-- text-table@0.2.0
101 silly idealTree +-- throat@3.2.0
101 silly idealTree +-- through@2.3.8
101 silly idealTree +-- time-stamp@2.0.0
101 silly idealTree +-- timers-browserify@2.0.4
101 silly idealTree +-- tmpl@1.0.4
101 silly idealTree +-- to-arraybuffer@1.0.1
101 silly idealTree +-- to-fast-properties@1.0.3
101 silly idealTree +-- toposort@1.0.3
101 silly idealTree +-- tough-cookie@2.3.2
101 silly idealTree +-- tr46@0.0.3
101 silly idealTree +-- trim-right@1.0.1
101 silly idealTree +-- tryit@1.0.3
101 silly idealTree +-- tty-browserify@0.0.0
101 silly idealTree +-- tunnel-agent@0.6.0
101 silly idealTree +-- tweetnacl@0.14.5
101 silly idealTree +-- type-check@0.3.2
101 silly idealTree +-- type-is@1.6.15
101 silly idealTree +-- typedarray@0.0.6
101 silly idealTree +-- ua-parser-js@0.7.14
101 silly idealTree +-- uglify-js@3.0.27
101 silly idealTree +-- uglify-to-browserify@1.0.2
101 silly idealTree +-- uniq@1.0.1
101 silly idealTree +-- uniqid@4.1.1
101 silly idealTree +-- uniqs@2.0.0
101 silly idealTree +-- unpipe@1.0.0
101 silly idealTree +-- upper-case@1.1.3
101 silly idealTree +-- url-loader@0.5.7
101 silly idealTree +-- url-parse@1.1.9
101 silly idealTree | `-- querystringify@1.0.0
101 silly idealTree +-- url@0.11.0
101 silly idealTree | `-- punycode@1.3.2
101 silly idealTree +-- user-home@2.0.0
101 silly idealTree +-- util-deprecate@1.0.2
101 silly idealTree +-- util@0.10.3
101 silly idealTree | `-- inherits@2.0.1
101 silly idealTree +-- utila@0.4.0
101 silly idealTree +-- utils-merge@1.0.0
101 silly idealTree +-- uuid@3.1.0
101 silly idealTree +-- validate-npm-package-license@3.0.1
101 silly idealTree +-- value-equal@0.4.0
101 silly idealTree +-- vary@1.1.1
101 silly idealTree +-- vendors@1.0.1
101 silly idealTree +-- verror@1.10.0
101 silly idealTree | `-- assert-plus@1.0.0
101 silly idealTree +-- vm-browserify@0.0.4
101 silly idealTree +-- walker@1.0.7
101 silly idealTree +-- warning@3.0.0
101 silly idealTree +-- watch@0.10.0
101 silly idealTree +-- watchpack@0.2.9
101 silly idealTree | `-- async@0.9.2
101 silly idealTree +-- webidl-conversions@4.0.2
101 silly idealTree +-- webpack-core@0.6.9
101 silly idealTree | `-- source-map@0.4.4
101 silly idealTree +-- webpack-dev-middleware@1.12.0
101 silly idealTree | +-- memory-fs@0.4.1
101 silly idealTree | `-- mime@1.3.6
101 silly idealTree +-- webpack-dev-server@1.16.2
101 silly idealTree | +-- faye-websocket@0.11.1
101 silly idealTree | `-- sockjs-client@1.1.4
101 silly idealTree +-- webpack-manifest-plugin@1.1.0
101 silly idealTree +-- webpack-sources@0.1.5
101 silly idealTree +-- webpack@1.14.0
101 silly idealTree | +-- acorn@3.3.0
101 silly idealTree | +-- interpret@0.6.6
101 silly idealTree | +-- uglify-js@2.7.5
101 silly idealTree | | `-- async@0.2.10
101 silly idealTree | `-- yargs@3.10.0
101 silly idealTree +-- websocket-driver@0.6.5
101 silly idealTree +-- websocket-extensions@0.1.1
101 silly idealTree +-- whatwg-encoding@1.0.1
101 silly idealTree | `-- iconv-lite@0.4.13
101 silly idealTree +-- whatwg-fetch@2.0.3
101 silly idealTree +-- whatwg-url@4.8.0
101 silly idealTree | `-- webidl-conversions@3.0.1
101 silly idealTree +-- whet.extend@0.9.9
101 silly idealTree +-- which-module@1.0.0
101 silly idealTree +-- which@1.3.0
101 silly idealTree +-- window-size@0.1.0
101 silly idealTree +-- wordwrap@1.0.0
101 silly idealTree +-- worker-farm@1.5.0
101 silly idealTree +-- wrap-ansi@2.1.0
101 silly idealTree +-- wrappy@1.0.2
101 silly idealTree +-- write@0.2.1
101 silly idealTree +-- xml-char-classes@1.0.0
101 silly idealTree +-- xml-name-validator@2.0.1
101 silly idealTree +-- xtend@4.0.1
101 silly idealTree +-- y18n@3.2.1
101 silly idealTree +-- yallist@2.1.2
101 silly idealTree +-- yargs-parser@4.2.1
101 silly idealTree | `-- camelcase@3.0.0
101 silly idealTree `-- yargs@6.6.0
101 silly idealTree   +-- camelcase@3.0.0
101 silly idealTree   `-- cliui@3.2.0
102 silly generateActionsToTake Starting
103 silly install generateActionsToTake
104 silly generateActionsToTake Finishing
105 silly diffTrees action count 1
106 silly diffTrees add react-sort-component@1.3.0
107 silly decomposeActions action count 8
108 silly decomposeActions fetch react-sort-component@1.3.0
109 silly decomposeActions extract react-sort-component@1.3.0
110 silly decomposeActions test react-sort-component@1.3.0
111 silly decomposeActions preinstall react-sort-component@1.3.0
112 silly decomposeActions build react-sort-component@1.3.0
113 silly decomposeActions install react-sort-component@1.3.0
114 silly decomposeActions postinstall react-sort-component@1.3.0
115 silly decomposeActions finalize react-sort-component@1.3.0
116 silly runTopLevelLifecycles Starting
117 silly executeActions Starting
118 silly install executeActions
119 silly doSerial global-install 0
120 silly doParallel fetch 1
121 verbose correctMkdir C:\Users\Owner\AppData\Roaming\npm-cache\_locks correctMkdir not in flight; initializing
122 verbose lock using C:\Users\Owner\AppData\Roaming\npm-cache\_locks\staging-a1aa1657b4f63c6c.lock for D:\Ishani_study\Udacity\NanoDegree\React\BookReadsProject\node_modules\.staging
123 silly doParallel extract 1
124 silly extract react-sort-component@1.3.0
125 verbose unbuild node_modules\.staging\react-sort-component-b382beb9
126 silly gentlyRm D:\Ishani_study\Udacity\NanoDegree\React\BookReadsProject\node_modules\.staging\react-sort-component-b382beb9 is being purged from base D:\Ishani_study\Udacity\NanoDegree\React\BookReadsProject
127 verbose gentlyRm don't care about contents; nuking D:\Ishani_study\Udacity\NanoDegree\React\BookReadsProject\node_modules\.staging\react-sort-component-b382beb9
128 verbose tar unpack C:\Users\Owner\AppData\Roaming\npm-cache\react-sort-component\1.3.0\package.tgz
129 verbose tar unpacking to D:\Ishani_study\Udacity\NanoDegree\React\BookReadsProject\node_modules\.staging\react-sort-component-b382beb9
130 silly gentlyRm D:\Ishani_study\Udacity\NanoDegree\React\BookReadsProject\node_modules\.staging\react-sort-component-b382beb9 is being purged
131 verbose gentlyRm don't care about contents; nuking D:\Ishani_study\Udacity\NanoDegree\React\BookReadsProject\node_modules\.staging\react-sort-component-b382beb9
132 silly gunzTarPerm modes [ '777', '666' ]
133 silly gunzTarPerm extractEntry package.json
134 silly gunzTarPerm modified mode [ 'package.json', 420, 438 ]
135 silly gunzTarPerm extractEntry README.md
136 silly gunzTarPerm modified mode [ 'README.md', 420, 438 ]
137 silly gunzTarPerm extractEntry dist/index.js
138 silly gunzTarPerm modified mode [ 'dist/index.js', 420, 438 ]
139 silly gunzTarPerm extractEntry dist/react-sort-utils.js
140 silly gunzTarPerm modified mode [ 'dist/react-sort-utils.js', 420, 438 ]
141 silly gentlyRm D:\Ishani_study\Udacity\NanoDegree\React\BookReadsProject\node_modules\.staging\react-sort-component-b382beb9\node_modules is being purged
142 verbose gentlyRm don't care about contents; nuking D:\Ishani_study\Udacity\NanoDegree\React\BookReadsProject\node_modules\.staging\react-sort-component-b382beb9\node_modules
143 silly doParallel preinstall 1
144 silly preinstall react-sort-component@1.3.0 D:\Ishani_study\Udacity\NanoDegree\React\BookReadsProject\node_modules\.staging\react-sort-component-b382beb9
145 info lifecycle react-sort-component@1.3.0~preinstall: react-sort-component@1.3.0
146 silly lifecycle react-sort-component@1.3.0~preinstall: no script for preinstall, continuing
147 silly doReverseSerial remove 0
148 silly doSerial move 0
149 silly doSerial finalize 1
150 silly finalize D:\Ishani_study\Udacity\NanoDegree\React\BookReadsProject\node_modules\react-sort-component
151 verbose unlock done using C:\Users\Owner\AppData\Roaming\npm-cache\_locks\staging-a1aa1657b4f63c6c.lock for D:\Ishani_study\Udacity\NanoDegree\React\BookReadsProject\node_modules\.staging
152 silly rollbackFailedOptional Starting
153 silly rollbackFailedOptional Finishing
154 silly runTopLevelLifecycles Finishing
155 silly install printInstalled
156 warn optional SKIPPING OPTIONAL DEPENDENCY: fsevents@^1.0.0 (node_modules\chokidar\node_modules\fsevents):
157 warn notsup SKIPPING OPTIONAL DEPENDENCY: Unsupported platform for fsevents@1.1.2: wanted {"os":"darwin","arch":"any"} (current: {"os":"win32","arch":"x64"})
158 verbose notsup SKIPPING OPTIONAL DEPENDENCY: Valid OS:    darwin
158 verbose notsup SKIPPING OPTIONAL DEPENDENCY: Valid Arch:  any
158 verbose notsup SKIPPING OPTIONAL DEPENDENCY: Actual OS:   win32
158 verbose notsup SKIPPING OPTIONAL DEPENDENCY: Actual Arch: x64
159 warn optional SKIPPING OPTIONAL DEPENDENCY: fsevents@1.0.17 (node_modules\react-scripts\node_modules\fsevents):
160 warn notsup SKIPPING OPTIONAL DEPENDENCY: Unsupported platform for fsevents@1.0.17: wanted {"os":"darwin","arch":"any"} (current: {"os":"win32","arch":"x64"})
161 verbose notsup SKIPPING OPTIONAL DEPENDENCY: Valid OS:    darwin
161 verbose notsup SKIPPING OPTIONAL DEPENDENCY: Valid Arch:  any
161 verbose notsup SKIPPING OPTIONAL DEPENDENCY: Actual OS:   win32
161 verbose notsup SKIPPING OPTIONAL DEPENDENCY: Actual Arch: x64
162 verbose stack Error: EPERM: operation not permitted, rename 'D:\Ishani_study\Udacity\NanoDegree\React\BookReadsProject\node_modules\.staging\react-sort-component-b382beb9' -> 'D:\Ishani_study\Udacity\NanoDegree\React\BookReadsProject\node_modules\react-sort-component'
162 verbose stack     at destStatted (D:\softwares\nodejs\node_modules\npm\lib\install\action\finalize.js:25:7)
162 verbose stack     at D:\softwares\nodejs\node_modules\npm\node_modules\graceful-fs\polyfills.js:264:29
162 verbose stack     at FSReqWrap.oncomplete (fs.js:123:15)
162 verbose stack
162 verbose stack Error: EPERM: operation not permitted, rename 'D:\Ishani_study\Udacity\NanoDegree\React\BookReadsProject\node_modules\.staging\react-sort-component-b382beb9' -> 'D:\Ishani_study\Udacity\NanoDegree\React\BookReadsProject\node_modules\react-sort-component'
162 verbose stack     at Error (native)
163 verbose cwd D:\Ishani_study\Udacity\NanoDegree\React\BookReadsProject
164 error Windows_NT 6.1.7601
165 error argv "D:\\softwares\\nodejs\\node.exe" "D:\\softwares\\nodejs\\node_modules\\npm\\bin\\npm-cli.js" "install" "--save" "react-sort-component"
166 error node v6.11.1
167 error npm  v3.10.10
168 error path D:\Ishani_study\Udacity\NanoDegree\React\BookReadsProject\node_modules\.staging\react-sort-component-b382beb9
169 error code EPERM
170 error errno -4048
171 error syscall rename
172 error Error: EPERM: operation not permitted, rename 'D:\Ishani_study\Udacity\NanoDegree\React\BookReadsProject\node_modules\.staging\react-sort-component-b382beb9' -> 'D:\Ishani_study\Udacity\NanoDegree\React\BookReadsProject\node_modules\react-sort-component'
172 error     at destStatted (D:\softwares\nodejs\node_modules\npm\lib\install\action\finalize.js:25:7)
172 error     at D:\softwares\nodejs\node_modules\npm\node_modules\graceful-fs\polyfills.js:264:29
172 error     at FSReqWrap.oncomplete (fs.js:123:15)
172 error
172 error Error: EPERM: operation not permitted, rename 'D:\Ishani_study\Udacity\NanoDegree\React\BookReadsProject\node_modules\.staging\react-sort-component-b382beb9' -> 'D:\Ishani_study\Udacity\NanoDegree\React\BookReadsProject\node_modules\react-sort-component'
172 error     at Error (native)
172 error  Error: EPERM: operation not permitted, rename 'D:\Ishani_study\Udacity\NanoDegree\React\BookReadsProject\node_modules\.staging\react-sort-component-b382beb9' -> 'D:\Ishani_study\Udacity\NanoDegree\React\BookReadsProject\node_modules\react-sort-component'
172 error     at destStatted (D:\softwares\nodejs\node_modules\npm\lib\install\action\finalize.js:25:7)
172 error     at D:\softwares\nodejs\node_modules\npm\node_modules\graceful-fs\polyfills.js:264:29
172 error     at FSReqWrap.oncomplete (fs.js:123:15)
172 error
172 error Error: EPERM: operation not permitted, rename 'D:\Ishani_study\Udacity\NanoDegree\React\BookReadsProject\node_modules\.staging\react-sort-component-b382beb9' -> 'D:\Ishani_study\Udacity\NanoDegree\React\BookReadsProject\node_modules\react-sort-component'
172 error     at Error (native)
173 error Please try running this command again as root/Administrator.
174 verbose exit [ -4048, true ]
